
Bookモデルのテスト
  バリデーションのテスト
    titleカラム
[32m      空欄でないこと[0m
    bodyカラム
[32m      空欄でないこと[0m
[32m      200文字以下であること: 200文字は〇[0m
[31m      200文字以下であること: 201文字は× (FAILED - 1)[0m
  アソシエーションのテスト
    Userモデルとの関係
[32m      N:1となっている[0m

Userモデルのテスト
  バリデーションのテスト
    nameカラム
[32m      空欄でないこと[0m
[31m      2文字以上であること: 1文字は× (FAILED - 2)[0m
[32m      2文字以上であること: 2文字は〇[0m
[32m      20文字以下であること: 20文字は〇[0m
[31m      20文字以下であること: 21文字は× (FAILED - 3)[0m
[31m      一意性があること (FAILED - 4)[0m
    introductionカラム
[32m      50文字以下であること: 50文字は〇[0m
[31m      50文字以下であること: 51文字は× (FAILED - 5)[0m
  アソシエーションのテスト
    Bookモデルとの関係
[32m      1:Nとなっている[0m

[STEP1] ユーザログイン前のテスト
  トップ画面のテスト
    表示内容の確認
[32m      URLが正しい[0m
[31m      Log inリンクが表示される: 左上から5番目のリンクが「Log in」である (FAILED - 6)[0m
[31m      Log inリンクの内容が正しい (FAILED - 7)[0m
[31m      Sign Upリンクが表示される: 左上から6番目のリンクが「Sign Up」である (FAILED - 8)[0m
[31m      Sign Upリンクの内容が正しい (FAILED - 9)[0m
  アバウト画面のテスト
    表示内容の確認
[32m      URLが正しい[0m
  ヘッダーのテスト: ログインしていない場合
    表示内容の確認
[32m      タイトルが表示される[0m
[31m      Homeリンクが表示される: 左上から1番目のリンクが「Home」である (FAILED - 10)[0m
[31m      Aboutリンクが表示される: 左上から2番目のリンクが「About」である (FAILED - 11)[0m
[32m      sign upリンクが表示される: 左上から3番目のリンクが「sign up」である[0m
[31m      loginリンクが表示される: 左上から4番目のリンクが「login」である (FAILED - 12)[0m
    リンクの内容を確認
[31m      Homeを押すと、トップ画面に遷移する (FAILED - 13)[0m
[31m      Aboutを押すと、アバウト画面に遷移する (FAILED - 14)[0m
[32m      sign upを押すと、新規登録画面に遷移する[0m
[31m      loginを押すと、ログイン画面に遷移する (FAILED - 15)[0m
  ユーザ新規登録のテスト
    表示内容の確認
[32m      URLが正しい[0m
[32m      「Sign up」と表示される[0m
[32m      nameフォームが表示される[0m
[32m      emailフォームが表示される[0m
[32m      passwordフォームが表示される[0m
[32m      password_confirmationフォームが表示される[0m
[32m      Sign upボタンが表示される[0m
    新規登録成功のテスト
[32m      正しく新規登録される[0m
[32m      新規登録後のリダイレクト先が、新規登録できたユーザの詳細画面になっている[0m
  ユーザログイン
    表示内容の確認
[32m      URLが正しい[0m
[32m      「Log in」と表示される[0m
[32m      nameフォームが表示される[0m
[32m      passwordフォームが表示される[0m
[32m      Sign upボタンが表示される[0m
[32m      emailフォームは表示されない[0m
    ログイン成功のテスト
[32m      ログイン後のリダイレクト先が、ログインしたユーザの詳細画面になっている[0m
    ログイン失敗のテスト
[32m      ログインに失敗し、ログイン画面にリダイレクトされる[0m
  ヘッダーのテスト: ログインしている場合
    ヘッダーの表示を確認
[32m      タイトルが表示される[0m
[32m      Homeリンクが表示される: 左上から1番目のリンクが「Home」である[0m
[32m      Usersリンクが表示される: 左上から2番目のリンクが「Users」である[0m
[32m      Booksリンクが表示される: 左上から3番目のリンクが「Books」である[0m
[31m      log outリンクが表示される: 左上から4番目のリンクが「logout」である (FAILED - 16)[0m
  ユーザログアウトのテスト
    ログアウト機能のテスト
[31m      正しくログアウトできている: ログアウト後のリダイレクト先においてAbout画面へのリンクが存在する (FAILED - 17)[0m
[32m      ログアウト後のリダイレクト先が、トップになっている[0m

[STEP2] ユーザログイン後のテスト
  ヘッダーのテスト: ログインしている場合
    リンクの内容を確認: ※logoutは『ユーザログアウトのテスト』でテスト済みになります。
[32m      Homeを押すと、自分のユーザ詳細画面に遷移する[0m
[32m      Usersを押すと、ユーザ一覧画面に遷移する[0m
[32m      Booksを押すと、投稿一覧画面に遷移する[0m
  投稿一覧画面のテスト
    表示内容の確認
[32m      URLが正しい[0m
[31m      自分と他人の画像のリンク先が正しい (FAILED - 18)[0m
[31m      自分の投稿と他人の投稿のタイトルのリンク先がそれぞれ正しい (FAILED - 19)[0m
[31m      自分の投稿と他人の投稿のオピニオンが表示される (FAILED - 20)[0m
    サイドバーの確認
[32m      自分の名前と紹介文が表示される[0m
[32m      自分のユーザ編集画面へのリンクが存在する[0m
[32m      「New book」と表示される[0m
[32m      titleフォームが表示される[0m
[32m      titleフォームに値が入っていない[0m
[32m      opinionフォームが表示される[0m
[32m      opinionフォームに値が入っていない[0m
[32m      Create Bookボタンが表示される[0m
    投稿成功のテスト
[32m      自分の新しい投稿が正しく保存される[0m
[32m      リダイレクト先が、保存できた投稿の詳細画面になっている[0m
  自分の投稿詳細画面のテスト
    表示内容の確認
[32m      URLが正しい[0m
[32m      「Book detail」と表示される[0m
[31m      ユーザ画像・名前のリンク先が正しい (FAILED - 21)[0m
[32m      投稿のtitleが表示される[0m
[32m      投稿のopinionが表示される[0m
[32m      投稿の編集リンクが表示される[0m
[32m      投稿の削除リンクが表示される[0m
    サイドバーの確認
[32m      自分の名前と紹介文が表示される[0m
[32m      自分のユーザ編集画面へのリンクが存在する[0m
[32m      「New book」と表示される[0m
[32m      titleフォームが表示される[0m
[32m      titleフォームに値が入っていない[0m
[32m      opinionフォームが表示される[0m
[31m      opinionフォームに値が入っていない (FAILED - 22)[0m
[32m      Create Bookボタンが表示される[0m
    投稿成功のテスト
[31m      自分の新しい投稿が正しく保存される (FAILED - 23)[0m
    編集リンクのテスト
[31m      編集画面に遷移する (FAILED - 24)[0m
    削除リンクのテスト
[32m      正しく削除される[0m
[31m      リダイレクト先が、投稿一覧画面になっている (FAILED - 25)[0m
  自分の投稿編集画面のテスト
    表示の確認
[31m      URLが正しい (FAILED - 26)[0m
[31m      「Editing Book」と表示される (FAILED - 27)[0m
[31m      title編集フォームが表示される (FAILED - 28)[0m
[31m      opinion編集フォームが表示される (FAILED - 29)[0m
[31m      Update Bookボタンが表示される (FAILED - 30)[0m
[31m      Showリンクが表示される (FAILED - 31)[0m
[31m      Backリンクが表示される (FAILED - 32)[0m
    編集成功のテスト
[31m      titleが正しく更新される (FAILED - 33)[0m
[31m      bodyが正しく更新される (FAILED - 34)[0m
[31m      リダイレクト先が、更新した投稿の詳細画面になっている (FAILED - 35)[0m
  ユーザ一覧画面のテスト
    表示内容の確認
[32m      URLが正しい[0m
[32m      自分と他人の画像が表示される: fallbackの画像がサイドバーの1つ＋一覧(2人)の2つの計3つ存在する[0m
[32m      自分と他人の名前がそれぞれ表示される[0m
[31m      自分と他人のshowリンクがそれぞれ表示される (FAILED - 36)[0m
    サイドバーの確認
[32m      自分の名前と紹介文が表示される[0m
[32m      自分のユーザ編集画面へのリンクが存在する[0m
[32m      「New book」と表示される[0m
[32m      titleフォームが表示される[0m
[32m      titleフォームに値が入っていない[0m
[32m      opinionフォームが表示される[0m
[32m      opinionフォームに値が入っていない[0m
[32m      Create Bookボタンが表示される[0m
  自分のユーザ詳細画面のテスト
    表示の確認
[32m      URLが正しい[0m
[32m      投稿一覧のユーザ画像のリンク先が正しい[0m
[31m      投稿一覧に自分の投稿のtitleが表示され、リンクが正しい (FAILED - 37)[0m
[32m      投稿一覧に自分の投稿のopinionが表示される[0m
[32m      他人の投稿は表示されない[0m
    サイドバーの確認
[32m      自分の名前と紹介文が表示される[0m
[32m      自分のユーザ編集画面へのリンクが存在する[0m
[32m      「New book」と表示される[0m
[32m      titleフォームが表示される[0m
[32m      titleフォームに値が入っていない[0m
[32m      opinionフォームが表示される[0m
[32m      opinionフォームに値が入っていない[0m
[32m      Create Bookボタンが表示される[0m
  自分のユーザ情報編集画面のテスト
    表示の確認
[31m      URLが正しい (FAILED - 38)[0m
[31m      名前編集フォームに自分の名前が表示される (FAILED - 39)[0m
[31m      画像編集フォームが表示される (FAILED - 40)[0m
[31m      自己紹介編集フォームに自分の自己紹介文が表示される (FAILED - 41)[0m
[31m      Update Userボタンが表示される (FAILED - 42)[0m
    更新成功のテスト
[31m      nameが正しく更新される (FAILED - 43)[0m
[31m      introductionが正しく更新される (FAILED - 44)[0m
[31m      リダイレクト先が、自分のユーザ詳細画面になっている (FAILED - 45)[0m

[STEP3] 仕上げのテスト
  サクセスメッセージのテスト
[32m    ユーザ新規登録成功時[0m
[32m    ユーザログイン成功時[0m
[32m    ユーザログアウト成功時[0m
[31m    ユーザのプロフィール情報更新成功時 (FAILED - 46)[0m
[32m    投稿データの新規投稿成功時: 投稿一覧画面から行います。[0m
[31m    投稿データの更新成功時 (FAILED - 47)[0m
  処理失敗時のテスト
    ユーザ新規登録失敗: nameを1文字にする
[31m      新規登録されない (FAILED - 48)[0m
[31m      新規登録画面を表示しており、フォームの内容が正しい (FAILED - 49)[0m
[31m      バリデーションエラーが表示される (FAILED - 50)[0m
    ユーザのプロフィール情報編集失敗: nameを1文字にする
[31m      更新されない (FAILED - 51)[0m
[31m      ユーザ編集画面を表示しており、フォームの内容が正しい (FAILED - 52)[0m
[31m      バリデーションエラーが表示される (FAILED - 53)[0m
    投稿データの新規投稿失敗: 投稿一覧画面から行い、titleを空にする
[32m      投稿が保存されない[0m
[31m      投稿一覧画面を表示している (FAILED - 54)[0m
[32m      新規投稿フォームの内容が正しい[0m
[32m      バリデーションエラーが表示される[0m
    投稿データの更新失敗: titleを空にする
[31m      投稿が更新されない (FAILED - 55)[0m
[31m      投稿編集画面を表示しており、フォームの内容が正しい (FAILED - 56)[0m
[31m      エラーメッセージが表示される (FAILED - 57)[0m
  ログインしていない場合のアクセス制限のテスト: アクセスできず、ログイン画面に遷移する
[32m    ユーザ一覧画面[0m
[32m    ユーザ詳細画面[0m
[32m    ユーザ情報編集画面[0m
[32m    投稿一覧画面[0m
[32m    投稿詳細画面[0m
[32m    投稿編集画面[0m
  他人の画面のテスト
    他人の投稿詳細画面のテスト
      表示内容の確認
[32m        URLが正しい[0m
[32m        「Book detail」と表示される[0m
[31m        ユーザ画像・名前のリンク先が正しい (FAILED - 58)[0m
[32m        投稿のtitleが表示される[0m
[32m        投稿のopinionが表示される[0m
[31m        投稿の編集リンクが表示されない (FAILED - 59)[0m
[31m        投稿の削除リンクが表示されない (FAILED - 60)[0m
      サイドバーの確認
[32m        他人の名前と紹介文が表示される[0m
[32m        他人のユーザ編集画面へのリンクが存在する[0m
[32m        自分の名前と紹介文は表示されない[0m
[32m        自分のユーザ編集画面へのリンクは存在しない[0m
    他人の投稿編集画面
[31m      遷移できず、投稿一覧画面にリダイレクトされる (FAILED - 61)[0m
    他人のユーザ詳細画面のテスト
      表示の確認
[32m        URLが正しい[0m
[32m        投稿一覧のユーザ画像のリンク先が正しい[0m
[31m        投稿一覧に他人の投稿のtitleが表示され、リンクが正しい (FAILED - 62)[0m
[32m        投稿一覧に他人の投稿のopinionが表示される[0m
[32m        自分の投稿は表示されない[0m
      サイドバーの確認
[32m        他人の名前と紹介文が表示される[0m
[32m        他人のユーザ編集画面へのリンクが存在する[0m
[32m        自分の名前と紹介文は表示されない[0m
[32m        自分のユーザ編集画面へのリンクは存在しない[0m
    他人のユーザ情報編集画面
[32m      遷移できず、自分のユーザ詳細画面にリダイレクトされる[0m
  グリッドシステムのテスト: container, row, col-md-〇を正しく使えている
[32m    ユーザ一覧画面[0m
[32m    ユーザ詳細画面[0m
[32m    投稿一覧画面[0m
[32m    投稿詳細画面[0m
  アイコンのテスト
    トップ画面
[31m      本のアイコンが表示される (FAILED - 63)[0m
    アバウト画面
[31m      本のアイコンが表示される (FAILED - 64)[0m
    ヘッダー: ログインしていない場合
[32m      Homeリンクのアイコンが表示される[0m
[31m      Aboutリンクのアイコンが表示される (FAILED - 65)[0m
[31m      sign upリンクのアイコンが表示される (FAILED - 66)[0m
[32m      loginリンクのアイコンが表示される[0m
    ヘッダー: ログインしている場合
[32m      Homeリンクのアイコンが表示される[0m
[32m      Usersリンクのアイコンが表示される[0m
[32m      Booksリンクのアイコンが表示される[0m
[32m      log outリンクのアイコンが表示される[0m
    サイドバー
[31m      ユーザ一覧画面でレンチアイコンが表示される (FAILED - 67)[0m
[31m      ユーザ詳細画面でレンチアイコンが表示される (FAILED - 68)[0m
[31m      投稿一覧画面でレンチアイコンが表示される (FAILED - 69)[0m
[31m      投稿詳細画面でレンチアイコンが表示される (FAILED - 70)[0m

Failures:

  1) Bookモデルのテスト バリデーションのテスト bodyカラム 200文字以下であること: 201文字は×
     [31mFailure/Error: is_expected.to eq false[0m
     [31m[0m
     [31m  expected: false[0m
     [31m       got: true[0m
     [31m[0m
     [31m  (compared using ==)[0m
     [31m[0m
     [31m  Diff:[0m[0m
     [31m  [0m[34m@@ -1 +1 @@[0m
     [31m  [0m[31m-false[0m
     [31m  [0m[32m+true[0m
     [31m  [0m[0m
     [36m# ./spec/models/book_spec.rb:28:in `block (4 levels) in <top (required)>'[0m

  2) Userモデルのテスト バリデーションのテスト nameカラム 2文字以上であること: 1文字は×
     [31mFailure/Error: is_expected.to eq false[0m
     [31m[0m
     [31m  expected: false[0m
     [31m       got: true[0m
     [31m[0m
     [31m  (compared using ==)[0m
     [31m[0m
     [31m  Diff:[0m[0m
     [31m  [0m[34m@@ -1 +1 @@[0m
     [31m  [0m[31m-false[0m
     [31m  [0m[32m+true[0m
     [31m  [0m[0m
     [36m# ./spec/models/user_spec.rb:17:in `block (4 levels) in <main>'[0m

  3) Userモデルのテスト バリデーションのテスト nameカラム 20文字以下であること: 21文字は×
     [31mFailure/Error: is_expected.to eq false[0m
     [31m[0m
     [31m  expected: false[0m
     [31m       got: true[0m
     [31m[0m
     [31m  (compared using ==)[0m
     [31m[0m
     [31m  Diff:[0m[0m
     [31m  [0m[34m@@ -1 +1 @@[0m
     [31m  [0m[31m-false[0m
     [31m  [0m[32m+true[0m
     [31m  [0m[0m
     [36m# ./spec/models/user_spec.rb:29:in `block (4 levels) in <main>'[0m

  4) Userモデルのテスト バリデーションのテスト nameカラム 一意性があること
     [31mFailure/Error: is_expected.to eq false[0m
     [31m[0m
     [31m  expected: false[0m
     [31m       got: true[0m
     [31m[0m
     [31m  (compared using ==)[0m
     [31m[0m
     [31m  Diff:[0m[0m
     [31m  [0m[34m@@ -1 +1 @@[0m
     [31m  [0m[31m-false[0m
     [31m  [0m[32m+true[0m
     [31m  [0m[0m
     [36m# ./spec/models/user_spec.rb:33:in `block (4 levels) in <main>'[0m

  5) Userモデルのテスト バリデーションのテスト introductionカラム 50文字以下であること: 51文字は×
     [31mFailure/Error: is_expected.to eq false[0m
     [31m[0m
     [31m  expected: false[0m
     [31m       got: true[0m
     [31m[0m
     [31m  (compared using ==)[0m
     [31m[0m
     [31m  Diff:[0m[0m
     [31m  [0m[34m@@ -1 +1 @@[0m
     [31m  [0m[31m-false[0m
     [31m  [0m[32m+true[0m
     [31m  [0m[0m
     [36m# ./spec/models/user_spec.rb:44:in `block (4 levels) in <main>'[0m

  6) [STEP1] ユーザログイン前のテスト トップ画面のテスト 表示内容の確認 Log inリンクが表示される: 左上から5番目のリンクが「Log in」である
     [31mFailure/Error: log_in_link = find_all('a')[5].native.inner_text[0m
     [31m[0m
     [31mNoMethodError:[0m
     [31m  undefined method `native' for nil:NilClass[0m
     [36m# ./spec/system/01_before_login_spec.rb:14:in `block (4 levels) in <main>'[0m

  7) [STEP1] ユーザログイン前のテスト トップ画面のテスト 表示内容の確認 Log inリンクの内容が正しい
     [31mFailure/Error: log_in_link = find_all('a')[5].native.inner_text[0m
     [31m[0m
     [31mNoMethodError:[0m
     [31m  undefined method `native' for nil:NilClass[0m
     [36m# ./spec/system/01_before_login_spec.rb:18:in `block (4 levels) in <main>'[0m

  8) [STEP1] ユーザログイン前のテスト トップ画面のテスト 表示内容の確認 Sign Upリンクが表示される: 左上から6番目のリンクが「Sign Up」である
     [31mFailure/Error: sign_up_link = find_all('a')[6].native.inner_text[0m
     [31m[0m
     [31mNoMethodError:[0m
     [31m  undefined method `native' for nil:NilClass[0m
     [36m# ./spec/system/01_before_login_spec.rb:22:in `block (4 levels) in <main>'[0m

  9) [STEP1] ユーザログイン前のテスト トップ画面のテスト 表示内容の確認 Sign Upリンクの内容が正しい
     [31mFailure/Error: sign_up_link = find_all('a')[6].native.inner_text[0m
     [31m[0m
     [31mNoMethodError:[0m
     [31m  undefined method `native' for nil:NilClass[0m
     [36m# ./spec/system/01_before_login_spec.rb:26:in `block (4 levels) in <main>'[0m

  10) [STEP1] ユーザログイン前のテスト ヘッダーのテスト: ログインしていない場合 表示内容の確認 Homeリンクが表示される: 左上から1番目のリンクが「Home」である
      [31mFailure/Error: expect(home_link).to match(/home/i)[0m
      [31m[0m
      [31m  expected "Bookers" to match /home/i[0m
      [31m  Diff:[0m[0m
      [31m  [0m[34m@@ -1 +1 @@[0m
      [31m  [0m[31m-/home/i[0m
      [31m  [0m[32m+"Bookers"[0m
      [31m  [0m[0m
      [36m# ./spec/system/01_before_login_spec.rb:55:in `block (4 levels) in <main>'[0m

  11) [STEP1] ユーザログイン前のテスト ヘッダーのテスト: ログインしていない場合 表示内容の確認 Aboutリンクが表示される: 左上から2番目のリンクが「About」である
      [31mFailure/Error: expect(about_link).to match(/about/i)[0m
      [31m[0m
      [31m  expected "Log in" to match /about/i[0m
      [31m  Diff:[0m[0m
      [31m  [0m[34m@@ -1 +1 @@[0m
      [31m  [0m[31m-/about/i[0m
      [31m  [0m[32m+"Log in"[0m
      [31m  [0m[0m
      [36m# ./spec/system/01_before_login_spec.rb:59:in `block (4 levels) in <main>'[0m

  12) [STEP1] ユーザログイン前のテスト ヘッダーのテスト: ログインしていない場合 表示内容の確認 loginリンクが表示される: 左上から4番目のリンクが「login」である
      [31mFailure/Error: login_link = find_all('a')[4].native.inner_text[0m
      [31m[0m
      [31mNoMethodError:[0m
      [31m  undefined method `native' for nil:NilClass[0m
      [36m# ./spec/system/01_before_login_spec.rb:66:in `block (4 levels) in <main>'[0m

  13) [STEP1] ユーザログイン前のテスト ヘッダーのテスト: ログインしていない場合 リンクの内容を確認 Homeを押すと、トップ画面に遷移する
      [31mFailure/Error: click_link home_link[0m
      [31m[0m
      [31mCapybara::Ambiguous:[0m
      [31m  Ambiguous match, found 2 elements matching visible link "Bookers"[0m
      [36m# /home/ec2-user/.rvm/gems/ruby-2.6.3/gems/capybara-3.35.3/lib/capybara/node/finders.rb:301:in `block in synced_resolve'[0m
      [36m# /home/ec2-user/.rvm/gems/ruby-2.6.3/gems/capybara-3.35.3/lib/capybara/node/base.rb:83:in `synchronize'[0m
      [36m# /home/ec2-user/.rvm/gems/ruby-2.6.3/gems/capybara-3.35.3/lib/capybara/node/finders.rb:292:in `synced_resolve'[0m
      [36m# /home/ec2-user/.rvm/gems/ruby-2.6.3/gems/capybara-3.35.3/lib/capybara/node/finders.rb:53:in `find'[0m
      [36m# /home/ec2-user/.rvm/gems/ruby-2.6.3/gems/capybara-3.35.3/lib/capybara/node/actions.rb:42:in `click_link'[0m
      [36m# /home/ec2-user/.rvm/gems/ruby-2.6.3/gems/capybara-3.35.3/lib/capybara/session.rb:768:in `block (2 levels) in <class:Session>'[0m
      [36m# /home/ec2-user/.rvm/gems/ruby-2.6.3/gems/capybara-3.35.3/lib/capybara/dsl.rb:58:in `block (2 levels) in <module:DSL>'[0m
      [36m# ./spec/system/01_before_login_spec.rb:78:in `block (4 levels) in <main>'[0m

  14) [STEP1] ユーザログイン前のテスト ヘッダーのテスト: ログインしていない場合 リンクの内容を確認 Aboutを押すと、アバウト画面に遷移する
      [31mFailure/Error: is_expected.to eq '/home/about'[0m
      [31m[0m
      [31m  expected: "/home/about"[0m
      [31m       got: "/users/sign_in"[0m
      [31m[0m
      [31m  (compared using ==)[0m
      [36m# ./spec/system/01_before_login_spec.rb:85:in `block (4 levels) in <main>'[0m

  15) [STEP1] ユーザログイン前のテスト ヘッダーのテスト: ログインしていない場合 リンクの内容を確認 loginを押すと、ログイン画面に遷移する
      [31mFailure/Error: login_link = find_all('a')[4].native.inner_text[0m
      [31m[0m
      [31mNoMethodError:[0m
      [31m  undefined method `native' for nil:NilClass[0m
      [36m# ./spec/system/01_before_login_spec.rb:94:in `block (4 levels) in <main>'[0m

  16) [STEP1] ユーザログイン前のテスト ヘッダーのテスト: ログインしている場合 ヘッダーの表示を確認 log outリンクが表示される: 左上から4番目のリンクが「logout」である
      [31mFailure/Error: expect(logout_link).to match(/logout/i)[0m
      [31m[0m
      [31m  expected "log out" to match /logout/i[0m
      [31m  Diff:[0m[0m
      [31m  [0m[34m@@ -1 +1 @@[0m
      [31m  [0m[31m-/logout/i[0m
      [31m  [0m[32m+"log out"[0m
      [31m  [0m[0m
      [36m# ./spec/system/01_before_login_spec.rb:230:in `block (4 levels) in <main>'[0m

  17) [STEP1] ユーザログイン前のテスト ユーザログアウトのテスト ログアウト機能のテスト 正しくログアウトできている: ログアウト後のリダイレクト先においてAbout画面へのリンクが存在する
      [31mFailure/Error: expect(page).to have_link '', href: '/home/about'[0m
      [31m  expected to find link "" with href "/home/about" but there were no matches[0m
      [36m# ./spec/system/01_before_login_spec.rb:250:in `block (4 levels) in <main>'[0m

  18) [STEP2] ユーザログイン後のテスト 投稿一覧画面のテスト 表示内容の確認 自分と他人の画像のリンク先が正しい
      [31mFailure/Error: expect(page).to have_link '', href: user_path(other_book.user)[0m
      [31m  expected to find link "" with href "/users/1" but there were no matches[0m
      [36m# ./spec/system/02_after_login_spec.rb:52:in `block (4 levels) in <main>'[0m

  19) [STEP2] ユーザログイン後のテスト 投稿一覧画面のテスト 表示内容の確認 自分の投稿と他人の投稿のタイトルのリンク先がそれぞれ正しい
      [31mFailure/Error: expect(page).to have_link book.title, href: book_path(book)[0m
      [31m  expected to find link "b0qk5" with href "/books/1" but there were no matches[0m
      [36m# ./spec/system/02_after_login_spec.rb:55:in `block (4 levels) in <main>'[0m

  20) [STEP2] ユーザログイン後のテスト 投稿一覧画面のテスト 表示内容の確認 自分の投稿と他人の投稿のオピニオンが表示される
      [31mFailure/Error: expect(page).to have_content other_book.body[0m
      [31m  expected to find text "fepa6r8twup7562qp0ag" in "Bookers\nHome Users Books log out\nUser info\ncacr587y1j uzswsszl8m8tw4cndssp edit\nNew book\nTitle\nOpinion\nBooks\nTitle Opinion n2npk iaqg6ru1c461syq16im8"[0m
      [36m# ./spec/system/02_after_login_spec.rb:60:in `block (4 levels) in <main>'[0m

  21) [STEP2] ユーザログイン後のテスト 自分の投稿詳細画面のテスト 表示内容の確認 ユーザ画像・名前のリンク先が正しい
      [31mFailure/Error: expect(page).to have_link book.user.name, href: user_path(book.user)[0m
      [31m  expected to find link "2zwidx5a63" with href "/users/2" but there were no matches[0m
      [36m# ./spec/system/02_after_login_spec.rb:121:in `block (4 levels) in <main>'[0m

  22) [STEP2] ユーザログイン後のテスト 自分の投稿詳細画面のテスト サイドバーの確認 opinionフォームに値が入っていない
      [31mFailure/Error: expect(find_field('book[body]').text).to be_blank[0m
      [31m  expected `"2wky5v8ot5tfxdv87x06".blank?` to be truthy, got false[0m
      [36m# ./spec/system/02_after_login_spec.rb:158:in `block (4 levels) in <main>'[0m

  23) [STEP2] ユーザログイン後のテスト 自分の投稿詳細画面のテスト 投稿成功のテスト 自分の新しい投稿が正しく保存される
      [31mFailure/Error: expect { click_button 'Create Book' }.to change(user.books, :count).by(1)[0m
      [31m  expected `Book::ActiveRecord_Associations_CollectionProxy#count` to have changed by 1, but was changed by 0[0m
      [36m# ./spec/system/02_after_login_spec.rb:172:in `block (4 levels) in <main>'[0m

  24) [STEP2] ユーザログイン後のテスト 自分の投稿詳細画面のテスト 編集リンクのテスト 編集画面に遷移する
      [31mFailure/Error: <%= link_to "Home", user_path(@user), class: "text-light" %>[0m
      [31m[0m
      [31mActionView::Template::Error:[0m
      [31m  No route matches {:action=>"show", :controller=>"users", :id=>nil}, missing required keys: [:id][0m
      [36m# ./app/views/layouts/application.html.erb:26:in `_app_views_layouts_application_html_erb__3345970936660415486_72569540'[0m
      [36m# /home/ec2-user/.rvm/gems/ruby-2.6.3/gems/warden-1.2.9/lib/warden/manager.rb:36:in `block in call'[0m
      [36m# /home/ec2-user/.rvm/gems/ruby-2.6.3/gems/warden-1.2.9/lib/warden/manager.rb:34:in `catch'[0m
      [36m# /home/ec2-user/.rvm/gems/ruby-2.6.3/gems/warden-1.2.9/lib/warden/manager.rb:34:in `call'[0m
      [36m# /home/ec2-user/.rvm/gems/ruby-2.6.3/gems/rack-2.2.3/lib/rack/tempfile_reaper.rb:15:in `call'[0m
      [36m# /home/ec2-user/.rvm/gems/ruby-2.6.3/gems/rack-2.2.3/lib/rack/etag.rb:27:in `call'[0m
      [36m# /home/ec2-user/.rvm/gems/ruby-2.6.3/gems/rack-2.2.3/lib/rack/conditional_get.rb:27:in `call'[0m
      [36m# /home/ec2-user/.rvm/gems/ruby-2.6.3/gems/rack-2.2.3/lib/rack/head.rb:12:in `call'[0m
      [36m# /home/ec2-user/.rvm/gems/ruby-2.6.3/gems/rack-2.2.3/lib/rack/session/abstract/id.rb:266:in `context'[0m
      [36m# /home/ec2-user/.rvm/gems/ruby-2.6.3/gems/rack-2.2.3/lib/rack/session/abstract/id.rb:260:in `call'[0m
      [36m# /home/ec2-user/.rvm/gems/ruby-2.6.3/gems/railties-5.2.4.5/lib/rails/rack/logger.rb:38:in `call_app'[0m
      [36m# /home/ec2-user/.rvm/gems/ruby-2.6.3/gems/railties-5.2.4.5/lib/rails/rack/logger.rb:26:in `block in call'[0m
      [36m# /home/ec2-user/.rvm/gems/ruby-2.6.3/gems/railties-5.2.4.5/lib/rails/rack/logger.rb:26:in `call'[0m
      [36m# /home/ec2-user/.rvm/gems/ruby-2.6.3/gems/rack-2.2.3/lib/rack/method_override.rb:24:in `call'[0m
      [36m# /home/ec2-user/.rvm/gems/ruby-2.6.3/gems/rack-2.2.3/lib/rack/runtime.rb:22:in `call'[0m
      [36m# /home/ec2-user/.rvm/gems/ruby-2.6.3/gems/rack-2.2.3/lib/rack/sendfile.rb:110:in `call'[0m
      [36m# /home/ec2-user/.rvm/gems/ruby-2.6.3/gems/railties-5.2.4.5/lib/rails/engine.rb:524:in `call'[0m
      [36m# /home/ec2-user/.rvm/gems/ruby-2.6.3/gems/rack-2.2.3/lib/rack/urlmap.rb:74:in `block in call'[0m
      [36m# /home/ec2-user/.rvm/gems/ruby-2.6.3/gems/rack-2.2.3/lib/rack/urlmap.rb:58:in `each'[0m
      [36m# /home/ec2-user/.rvm/gems/ruby-2.6.3/gems/rack-2.2.3/lib/rack/urlmap.rb:58:in `call'[0m
      [36m# /home/ec2-user/.rvm/gems/ruby-2.6.3/gems/rack-2.2.3/lib/rack/builder.rb:244:in `call'[0m
      [36m# /home/ec2-user/.rvm/gems/ruby-2.6.3/gems/rack-test-1.1.0/lib/rack/mock_session.rb:29:in `request'[0m
      [36m# /home/ec2-user/.rvm/gems/ruby-2.6.3/gems/rack-test-1.1.0/lib/rack/test.rb:266:in `process_request'[0m
      [36m# /home/ec2-user/.rvm/gems/ruby-2.6.3/gems/rack-test-1.1.0/lib/rack/test.rb:129:in `custom_request'[0m
      [36m# /home/ec2-user/.rvm/gems/ruby-2.6.3/gems/rack-test-1.1.0/lib/rack/test.rb:58:in `get'[0m
      [36m# /home/ec2-user/.rvm/gems/ruby-2.6.3/gems/capybara-3.35.3/lib/capybara/rack_test/browser.rb:72:in `process'[0m
      [36m# /home/ec2-user/.rvm/gems/ruby-2.6.3/gems/capybara-3.35.3/lib/capybara/rack_test/browser.rb:47:in `process_and_follow_redirects'[0m
      [36m# /home/ec2-user/.rvm/gems/ruby-2.6.3/gems/capybara-3.35.3/lib/capybara/rack_test/browser.rb:42:in `follow'[0m
      [36m# /home/ec2-user/.rvm/gems/ruby-2.6.3/gems/capybara-3.35.3/lib/capybara/rack_test/node.rb:246:in `follow_link'[0m
      [36m# /home/ec2-user/.rvm/gems/ruby-2.6.3/gems/capybara-3.35.3/lib/capybara/rack_test/node.rb:72:in `click'[0m
      [36m# /home/ec2-user/.rvm/gems/ruby-2.6.3/gems/capybara-3.35.3/lib/capybara/rack_test/node.rb:137:in `block (2 levels) in <class:Node>'[0m
      [36m# /home/ec2-user/.rvm/gems/ruby-2.6.3/gems/capybara-3.35.3/lib/capybara/node/element.rb:172:in `block in click'[0m
      [36m# /home/ec2-user/.rvm/gems/ruby-2.6.3/gems/capybara-3.35.3/lib/capybara/node/element.rb:597:in `block in perform_click_action'[0m
      [36m# /home/ec2-user/.rvm/gems/ruby-2.6.3/gems/capybara-3.35.3/lib/capybara/node/base.rb:83:in `synchronize'[0m
      [36m# /home/ec2-user/.rvm/gems/ruby-2.6.3/gems/capybara-3.35.3/lib/capybara/node/element.rb:597:in `perform_click_action'[0m
      [36m# /home/ec2-user/.rvm/gems/ruby-2.6.3/gems/capybara-3.35.3/lib/capybara/node/element.rb:171:in `click'[0m
      [36m# /home/ec2-user/.rvm/gems/ruby-2.6.3/gems/capybara-3.35.3/lib/capybara/node/actions.rb:42:in `click_link'[0m
      [36m# /home/ec2-user/.rvm/gems/ruby-2.6.3/gems/capybara-3.35.3/lib/capybara/session.rb:768:in `block (2 levels) in <class:Session>'[0m
      [36m# /home/ec2-user/.rvm/gems/ruby-2.6.3/gems/capybara-3.35.3/lib/capybara/dsl.rb:58:in `block (2 levels) in <module:DSL>'[0m
      [36m# ./spec/system/02_after_login_spec.rb:178:in `block (4 levels) in <main>'[0m
      [36m# ------------------[0m
      [36m# --- Caused by: ---[0m
      [36m# ActionController::UrlGenerationError:[0m
      [36m#   No route matches {:action=>"show", :controller=>"users", :id=>nil}, missing required keys: [:id][0m
      [36m#   ./app/views/layouts/application.html.erb:26:in `_app_views_layouts_application_html_erb__3345970936660415486_72569540'[0m

  25) [STEP2] ユーザログイン後のテスト 自分の投稿詳細画面のテスト 削除リンクのテスト リダイレクト先が、投稿一覧画面になっている
      [31mFailure/Error: expect(current_path).to eq '/books'[0m
      [31m[0m
      [31m  expected: "/books"[0m
      [31m       got: "/users/2"[0m
      [31m[0m
      [31m  (compared using ==)[0m
      [36m# ./spec/system/02_after_login_spec.rb:192:in `block (4 levels) in <main>'[0m

  26) [STEP2] ユーザログイン後のテスト 自分の投稿編集画面のテスト 表示の確認 URLが正しい
      [31mFailure/Error: <%= link_to "Home", user_path(@user), class: "text-light" %>[0m
      [31m[0m
      [31mActionView::Template::Error:[0m
      [31m  No route matches {:action=>"show", :controller=>"users", :id=>nil}, missing required keys: [:id][0m
      [36m# ./app/views/layouts/application.html.erb:26:in `_app_views_layouts_application_html_erb__3345970936660415486_72569540'[0m
      [36m# /home/ec2-user/.rvm/gems/ruby-2.6.3/gems/warden-1.2.9/lib/warden/manager.rb:36:in `block in call'[0m
      [36m# /home/ec2-user/.rvm/gems/ruby-2.6.3/gems/warden-1.2.9/lib/warden/manager.rb:34:in `catch'[0m
      [36m# /home/ec2-user/.rvm/gems/ruby-2.6.3/gems/warden-1.2.9/lib/warden/manager.rb:34:in `call'[0m
      [36m# /home/ec2-user/.rvm/gems/ruby-2.6.3/gems/rack-2.2.3/lib/rack/tempfile_reaper.rb:15:in `call'[0m
      [36m# /home/ec2-user/.rvm/gems/ruby-2.6.3/gems/rack-2.2.3/lib/rack/etag.rb:27:in `call'[0m
      [36m# /home/ec2-user/.rvm/gems/ruby-2.6.3/gems/rack-2.2.3/lib/rack/conditional_get.rb:27:in `call'[0m
      [36m# /home/ec2-user/.rvm/gems/ruby-2.6.3/gems/rack-2.2.3/lib/rack/head.rb:12:in `call'[0m
      [36m# /home/ec2-user/.rvm/gems/ruby-2.6.3/gems/rack-2.2.3/lib/rack/session/abstract/id.rb:266:in `context'[0m
      [36m# /home/ec2-user/.rvm/gems/ruby-2.6.3/gems/rack-2.2.3/lib/rack/session/abstract/id.rb:260:in `call'[0m
      [36m# /home/ec2-user/.rvm/gems/ruby-2.6.3/gems/railties-5.2.4.5/lib/rails/rack/logger.rb:38:in `call_app'[0m
      [36m# /home/ec2-user/.rvm/gems/ruby-2.6.3/gems/railties-5.2.4.5/lib/rails/rack/logger.rb:26:in `block in call'[0m
      [36m# /home/ec2-user/.rvm/gems/ruby-2.6.3/gems/railties-5.2.4.5/lib/rails/rack/logger.rb:26:in `call'[0m
      [36m# /home/ec2-user/.rvm/gems/ruby-2.6.3/gems/rack-2.2.3/lib/rack/method_override.rb:24:in `call'[0m
      [36m# /home/ec2-user/.rvm/gems/ruby-2.6.3/gems/rack-2.2.3/lib/rack/runtime.rb:22:in `call'[0m
      [36m# /home/ec2-user/.rvm/gems/ruby-2.6.3/gems/rack-2.2.3/lib/rack/sendfile.rb:110:in `call'[0m
      [36m# /home/ec2-user/.rvm/gems/ruby-2.6.3/gems/railties-5.2.4.5/lib/rails/engine.rb:524:in `call'[0m
      [36m# /home/ec2-user/.rvm/gems/ruby-2.6.3/gems/rack-2.2.3/lib/rack/urlmap.rb:74:in `block in call'[0m
      [36m# /home/ec2-user/.rvm/gems/ruby-2.6.3/gems/rack-2.2.3/lib/rack/urlmap.rb:58:in `each'[0m
      [36m# /home/ec2-user/.rvm/gems/ruby-2.6.3/gems/rack-2.2.3/lib/rack/urlmap.rb:58:in `call'[0m
      [36m# /home/ec2-user/.rvm/gems/ruby-2.6.3/gems/rack-2.2.3/lib/rack/builder.rb:244:in `call'[0m
      [36m# /home/ec2-user/.rvm/gems/ruby-2.6.3/gems/rack-test-1.1.0/lib/rack/mock_session.rb:29:in `request'[0m
      [36m# /home/ec2-user/.rvm/gems/ruby-2.6.3/gems/rack-test-1.1.0/lib/rack/test.rb:266:in `process_request'[0m
      [36m# /home/ec2-user/.rvm/gems/ruby-2.6.3/gems/rack-test-1.1.0/lib/rack/test.rb:129:in `custom_request'[0m
      [36m# /home/ec2-user/.rvm/gems/ruby-2.6.3/gems/rack-test-1.1.0/lib/rack/test.rb:58:in `get'[0m
      [36m# /home/ec2-user/.rvm/gems/ruby-2.6.3/gems/capybara-3.35.3/lib/capybara/rack_test/browser.rb:72:in `process'[0m
      [36m# /home/ec2-user/.rvm/gems/ruby-2.6.3/gems/capybara-3.35.3/lib/capybara/rack_test/browser.rb:47:in `process_and_follow_redirects'[0m
      [36m# /home/ec2-user/.rvm/gems/ruby-2.6.3/gems/capybara-3.35.3/lib/capybara/rack_test/browser.rb:24:in `visit'[0m
      [36m# /home/ec2-user/.rvm/gems/ruby-2.6.3/gems/capybara-3.35.3/lib/capybara/rack_test/driver.rb:46:in `visit'[0m
      [36m# /home/ec2-user/.rvm/gems/ruby-2.6.3/gems/capybara-3.35.3/lib/capybara/session.rb:278:in `visit'[0m
      [36m# /home/ec2-user/.rvm/gems/ruby-2.6.3/gems/capybara-3.35.3/lib/capybara/dsl.rb:58:in `block (2 levels) in <module:DSL>'[0m
      [36m# ./spec/system/02_after_login_spec.rb:199:in `block (3 levels) in <main>'[0m
      [36m# ------------------[0m
      [36m# --- Caused by: ---[0m
      [36m# ActionController::UrlGenerationError:[0m
      [36m#   No route matches {:action=>"show", :controller=>"users", :id=>nil}, missing required keys: [:id][0m
      [36m#   ./app/views/layouts/application.html.erb:26:in `_app_views_layouts_application_html_erb__3345970936660415486_72569540'[0m

  27) [STEP2] ユーザログイン後のテスト 自分の投稿編集画面のテスト 表示の確認 「Editing Book」と表示される
      [31mFailure/Error: <%= link_to "Home", user_path(@user), class: "text-light" %>[0m
      [31m[0m
      [31mActionView::Template::Error:[0m
      [31m  No route matches {:action=>"show", :controller=>"users", :id=>nil}, missing required keys: [:id][0m
      [36m# ./app/views/layouts/application.html.erb:26:in `_app_views_layouts_application_html_erb__3345970936660415486_72569540'[0m
      [36m# /home/ec2-user/.rvm/gems/ruby-2.6.3/gems/warden-1.2.9/lib/warden/manager.rb:36:in `block in call'[0m
      [36m# /home/ec2-user/.rvm/gems/ruby-2.6.3/gems/warden-1.2.9/lib/warden/manager.rb:34:in `catch'[0m
      [36m# /home/ec2-user/.rvm/gems/ruby-2.6.3/gems/warden-1.2.9/lib/warden/manager.rb:34:in `call'[0m
      [36m# /home/ec2-user/.rvm/gems/ruby-2.6.3/gems/rack-2.2.3/lib/rack/tempfile_reaper.rb:15:in `call'[0m
      [36m# /home/ec2-user/.rvm/gems/ruby-2.6.3/gems/rack-2.2.3/lib/rack/etag.rb:27:in `call'[0m
      [36m# /home/ec2-user/.rvm/gems/ruby-2.6.3/gems/rack-2.2.3/lib/rack/conditional_get.rb:27:in `call'[0m
      [36m# /home/ec2-user/.rvm/gems/ruby-2.6.3/gems/rack-2.2.3/lib/rack/head.rb:12:in `call'[0m
      [36m# /home/ec2-user/.rvm/gems/ruby-2.6.3/gems/rack-2.2.3/lib/rack/session/abstract/id.rb:266:in `context'[0m
      [36m# /home/ec2-user/.rvm/gems/ruby-2.6.3/gems/rack-2.2.3/lib/rack/session/abstract/id.rb:260:in `call'[0m
      [36m# /home/ec2-user/.rvm/gems/ruby-2.6.3/gems/railties-5.2.4.5/lib/rails/rack/logger.rb:38:in `call_app'[0m
      [36m# /home/ec2-user/.rvm/gems/ruby-2.6.3/gems/railties-5.2.4.5/lib/rails/rack/logger.rb:26:in `block in call'[0m
      [36m# /home/ec2-user/.rvm/gems/ruby-2.6.3/gems/railties-5.2.4.5/lib/rails/rack/logger.rb:26:in `call'[0m
      [36m# /home/ec2-user/.rvm/gems/ruby-2.6.3/gems/rack-2.2.3/lib/rack/method_override.rb:24:in `call'[0m
      [36m# /home/ec2-user/.rvm/gems/ruby-2.6.3/gems/rack-2.2.3/lib/rack/runtime.rb:22:in `call'[0m
      [36m# /home/ec2-user/.rvm/gems/ruby-2.6.3/gems/rack-2.2.3/lib/rack/sendfile.rb:110:in `call'[0m
      [36m# /home/ec2-user/.rvm/gems/ruby-2.6.3/gems/railties-5.2.4.5/lib/rails/engine.rb:524:in `call'[0m
      [36m# /home/ec2-user/.rvm/gems/ruby-2.6.3/gems/rack-2.2.3/lib/rack/urlmap.rb:74:in `block in call'[0m
      [36m# /home/ec2-user/.rvm/gems/ruby-2.6.3/gems/rack-2.2.3/lib/rack/urlmap.rb:58:in `each'[0m
      [36m# /home/ec2-user/.rvm/gems/ruby-2.6.3/gems/rack-2.2.3/lib/rack/urlmap.rb:58:in `call'[0m
      [36m# /home/ec2-user/.rvm/gems/ruby-2.6.3/gems/rack-2.2.3/lib/rack/builder.rb:244:in `call'[0m
      [36m# /home/ec2-user/.rvm/gems/ruby-2.6.3/gems/rack-test-1.1.0/lib/rack/mock_session.rb:29:in `request'[0m
      [36m# /home/ec2-user/.rvm/gems/ruby-2.6.3/gems/rack-test-1.1.0/lib/rack/test.rb:266:in `process_request'[0m
      [36m# /home/ec2-user/.rvm/gems/ruby-2.6.3/gems/rack-test-1.1.0/lib/rack/test.rb:129:in `custom_request'[0m
      [36m# /home/ec2-user/.rvm/gems/ruby-2.6.3/gems/rack-test-1.1.0/lib/rack/test.rb:58:in `get'[0m
      [36m# /home/ec2-user/.rvm/gems/ruby-2.6.3/gems/capybara-3.35.3/lib/capybara/rack_test/browser.rb:72:in `process'[0m
      [36m# /home/ec2-user/.rvm/gems/ruby-2.6.3/gems/capybara-3.35.3/lib/capybara/rack_test/browser.rb:47:in `process_and_follow_redirects'[0m
      [36m# /home/ec2-user/.rvm/gems/ruby-2.6.3/gems/capybara-3.35.3/lib/capybara/rack_test/browser.rb:24:in `visit'[0m
      [36m# /home/ec2-user/.rvm/gems/ruby-2.6.3/gems/capybara-3.35.3/lib/capybara/rack_test/driver.rb:46:in `visit'[0m
      [36m# /home/ec2-user/.rvm/gems/ruby-2.6.3/gems/capybara-3.35.3/lib/capybara/session.rb:278:in `visit'[0m
      [36m# /home/ec2-user/.rvm/gems/ruby-2.6.3/gems/capybara-3.35.3/lib/capybara/dsl.rb:58:in `block (2 levels) in <module:DSL>'[0m
      [36m# ./spec/system/02_after_login_spec.rb:199:in `block (3 levels) in <main>'[0m
      [36m# ------------------[0m
      [36m# --- Caused by: ---[0m
      [36m# ActionController::UrlGenerationError:[0m
      [36m#   No route matches {:action=>"show", :controller=>"users", :id=>nil}, missing required keys: [:id][0m
      [36m#   ./app/views/layouts/application.html.erb:26:in `_app_views_layouts_application_html_erb__3345970936660415486_72569540'[0m

  28) [STEP2] ユーザログイン後のテスト 自分の投稿編集画面のテスト 表示の確認 title編集フォームが表示される
      [31mFailure/Error: <%= link_to "Home", user_path(@user), class: "text-light" %>[0m
      [31m[0m
      [31mActionView::Template::Error:[0m
      [31m  No route matches {:action=>"show", :controller=>"users", :id=>nil}, missing required keys: [:id][0m
      [36m# ./app/views/layouts/application.html.erb:26:in `_app_views_layouts_application_html_erb__3345970936660415486_72569540'[0m
      [36m# /home/ec2-user/.rvm/gems/ruby-2.6.3/gems/warden-1.2.9/lib/warden/manager.rb:36:in `block in call'[0m
      [36m# /home/ec2-user/.rvm/gems/ruby-2.6.3/gems/warden-1.2.9/lib/warden/manager.rb:34:in `catch'[0m
      [36m# /home/ec2-user/.rvm/gems/ruby-2.6.3/gems/warden-1.2.9/lib/warden/manager.rb:34:in `call'[0m
      [36m# /home/ec2-user/.rvm/gems/ruby-2.6.3/gems/rack-2.2.3/lib/rack/tempfile_reaper.rb:15:in `call'[0m
      [36m# /home/ec2-user/.rvm/gems/ruby-2.6.3/gems/rack-2.2.3/lib/rack/etag.rb:27:in `call'[0m
      [36m# /home/ec2-user/.rvm/gems/ruby-2.6.3/gems/rack-2.2.3/lib/rack/conditional_get.rb:27:in `call'[0m
      [36m# /home/ec2-user/.rvm/gems/ruby-2.6.3/gems/rack-2.2.3/lib/rack/head.rb:12:in `call'[0m
      [36m# /home/ec2-user/.rvm/gems/ruby-2.6.3/gems/rack-2.2.3/lib/rack/session/abstract/id.rb:266:in `context'[0m
      [36m# /home/ec2-user/.rvm/gems/ruby-2.6.3/gems/rack-2.2.3/lib/rack/session/abstract/id.rb:260:in `call'[0m
      [36m# /home/ec2-user/.rvm/gems/ruby-2.6.3/gems/railties-5.2.4.5/lib/rails/rack/logger.rb:38:in `call_app'[0m
      [36m# /home/ec2-user/.rvm/gems/ruby-2.6.3/gems/railties-5.2.4.5/lib/rails/rack/logger.rb:26:in `block in call'[0m
      [36m# /home/ec2-user/.rvm/gems/ruby-2.6.3/gems/railties-5.2.4.5/lib/rails/rack/logger.rb:26:in `call'[0m
      [36m# /home/ec2-user/.rvm/gems/ruby-2.6.3/gems/rack-2.2.3/lib/rack/method_override.rb:24:in `call'[0m
      [36m# /home/ec2-user/.rvm/gems/ruby-2.6.3/gems/rack-2.2.3/lib/rack/runtime.rb:22:in `call'[0m
      [36m# /home/ec2-user/.rvm/gems/ruby-2.6.3/gems/rack-2.2.3/lib/rack/sendfile.rb:110:in `call'[0m
      [36m# /home/ec2-user/.rvm/gems/ruby-2.6.3/gems/railties-5.2.4.5/lib/rails/engine.rb:524:in `call'[0m
      [36m# /home/ec2-user/.rvm/gems/ruby-2.6.3/gems/rack-2.2.3/lib/rack/urlmap.rb:74:in `block in call'[0m
      [36m# /home/ec2-user/.rvm/gems/ruby-2.6.3/gems/rack-2.2.3/lib/rack/urlmap.rb:58:in `each'[0m
      [36m# /home/ec2-user/.rvm/gems/ruby-2.6.3/gems/rack-2.2.3/lib/rack/urlmap.rb:58:in `call'[0m
      [36m# /home/ec2-user/.rvm/gems/ruby-2.6.3/gems/rack-2.2.3/lib/rack/builder.rb:244:in `call'[0m
      [36m# /home/ec2-user/.rvm/gems/ruby-2.6.3/gems/rack-test-1.1.0/lib/rack/mock_session.rb:29:in `request'[0m
      [36m# /home/ec2-user/.rvm/gems/ruby-2.6.3/gems/rack-test-1.1.0/lib/rack/test.rb:266:in `process_request'[0m
      [36m# /home/ec2-user/.rvm/gems/ruby-2.6.3/gems/rack-test-1.1.0/lib/rack/test.rb:129:in `custom_request'[0m
      [36m# /home/ec2-user/.rvm/gems/ruby-2.6.3/gems/rack-test-1.1.0/lib/rack/test.rb:58:in `get'[0m
      [36m# /home/ec2-user/.rvm/gems/ruby-2.6.3/gems/capybara-3.35.3/lib/capybara/rack_test/browser.rb:72:in `process'[0m
      [36m# /home/ec2-user/.rvm/gems/ruby-2.6.3/gems/capybara-3.35.3/lib/capybara/rack_test/browser.rb:47:in `process_and_follow_redirects'[0m
      [36m# /home/ec2-user/.rvm/gems/ruby-2.6.3/gems/capybara-3.35.3/lib/capybara/rack_test/browser.rb:24:in `visit'[0m
      [36m# /home/ec2-user/.rvm/gems/ruby-2.6.3/gems/capybara-3.35.3/lib/capybara/rack_test/driver.rb:46:in `visit'[0m
      [36m# /home/ec2-user/.rvm/gems/ruby-2.6.3/gems/capybara-3.35.3/lib/capybara/session.rb:278:in `visit'[0m
      [36m# /home/ec2-user/.rvm/gems/ruby-2.6.3/gems/capybara-3.35.3/lib/capybara/dsl.rb:58:in `block (2 levels) in <module:DSL>'[0m
      [36m# ./spec/system/02_after_login_spec.rb:199:in `block (3 levels) in <main>'[0m
      [36m# ------------------[0m
      [36m# --- Caused by: ---[0m
      [36m# ActionController::UrlGenerationError:[0m
      [36m#   No route matches {:action=>"show", :controller=>"users", :id=>nil}, missing required keys: [:id][0m
      [36m#   ./app/views/layouts/application.html.erb:26:in `_app_views_layouts_application_html_erb__3345970936660415486_72569540'[0m

  29) [STEP2] ユーザログイン後のテスト 自分の投稿編集画面のテスト 表示の確認 opinion編集フォームが表示される
      [31mFailure/Error: <%= link_to "Home", user_path(@user), class: "text-light" %>[0m
      [31m[0m
      [31mActionView::Template::Error:[0m
      [31m  No route matches {:action=>"show", :controller=>"users", :id=>nil}, missing required keys: [:id][0m
      [36m# ./app/views/layouts/application.html.erb:26:in `_app_views_layouts_application_html_erb__3345970936660415486_72569540'[0m
      [36m# /home/ec2-user/.rvm/gems/ruby-2.6.3/gems/warden-1.2.9/lib/warden/manager.rb:36:in `block in call'[0m
      [36m# /home/ec2-user/.rvm/gems/ruby-2.6.3/gems/warden-1.2.9/lib/warden/manager.rb:34:in `catch'[0m
      [36m# /home/ec2-user/.rvm/gems/ruby-2.6.3/gems/warden-1.2.9/lib/warden/manager.rb:34:in `call'[0m
      [36m# /home/ec2-user/.rvm/gems/ruby-2.6.3/gems/rack-2.2.3/lib/rack/tempfile_reaper.rb:15:in `call'[0m
      [36m# /home/ec2-user/.rvm/gems/ruby-2.6.3/gems/rack-2.2.3/lib/rack/etag.rb:27:in `call'[0m
      [36m# /home/ec2-user/.rvm/gems/ruby-2.6.3/gems/rack-2.2.3/lib/rack/conditional_get.rb:27:in `call'[0m
      [36m# /home/ec2-user/.rvm/gems/ruby-2.6.3/gems/rack-2.2.3/lib/rack/head.rb:12:in `call'[0m
      [36m# /home/ec2-user/.rvm/gems/ruby-2.6.3/gems/rack-2.2.3/lib/rack/session/abstract/id.rb:266:in `context'[0m
      [36m# /home/ec2-user/.rvm/gems/ruby-2.6.3/gems/rack-2.2.3/lib/rack/session/abstract/id.rb:260:in `call'[0m
      [36m# /home/ec2-user/.rvm/gems/ruby-2.6.3/gems/railties-5.2.4.5/lib/rails/rack/logger.rb:38:in `call_app'[0m
      [36m# /home/ec2-user/.rvm/gems/ruby-2.6.3/gems/railties-5.2.4.5/lib/rails/rack/logger.rb:26:in `block in call'[0m
      [36m# /home/ec2-user/.rvm/gems/ruby-2.6.3/gems/railties-5.2.4.5/lib/rails/rack/logger.rb:26:in `call'[0m
      [36m# /home/ec2-user/.rvm/gems/ruby-2.6.3/gems/rack-2.2.3/lib/rack/method_override.rb:24:in `call'[0m
      [36m# /home/ec2-user/.rvm/gems/ruby-2.6.3/gems/rack-2.2.3/lib/rack/runtime.rb:22:in `call'[0m
      [36m# /home/ec2-user/.rvm/gems/ruby-2.6.3/gems/rack-2.2.3/lib/rack/sendfile.rb:110:in `call'[0m
      [36m# /home/ec2-user/.rvm/gems/ruby-2.6.3/gems/railties-5.2.4.5/lib/rails/engine.rb:524:in `call'[0m
      [36m# /home/ec2-user/.rvm/gems/ruby-2.6.3/gems/rack-2.2.3/lib/rack/urlmap.rb:74:in `block in call'[0m
      [36m# /home/ec2-user/.rvm/gems/ruby-2.6.3/gems/rack-2.2.3/lib/rack/urlmap.rb:58:in `each'[0m
      [36m# /home/ec2-user/.rvm/gems/ruby-2.6.3/gems/rack-2.2.3/lib/rack/urlmap.rb:58:in `call'[0m
      [36m# /home/ec2-user/.rvm/gems/ruby-2.6.3/gems/rack-2.2.3/lib/rack/builder.rb:244:in `call'[0m
      [36m# /home/ec2-user/.rvm/gems/ruby-2.6.3/gems/rack-test-1.1.0/lib/rack/mock_session.rb:29:in `request'[0m
      [36m# /home/ec2-user/.rvm/gems/ruby-2.6.3/gems/rack-test-1.1.0/lib/rack/test.rb:266:in `process_request'[0m
      [36m# /home/ec2-user/.rvm/gems/ruby-2.6.3/gems/rack-test-1.1.0/lib/rack/test.rb:129:in `custom_request'[0m
      [36m# /home/ec2-user/.rvm/gems/ruby-2.6.3/gems/rack-test-1.1.0/lib/rack/test.rb:58:in `get'[0m
      [36m# /home/ec2-user/.rvm/gems/ruby-2.6.3/gems/capybara-3.35.3/lib/capybara/rack_test/browser.rb:72:in `process'[0m
      [36m# /home/ec2-user/.rvm/gems/ruby-2.6.3/gems/capybara-3.35.3/lib/capybara/rack_test/browser.rb:47:in `process_and_follow_redirects'[0m
      [36m# /home/ec2-user/.rvm/gems/ruby-2.6.3/gems/capybara-3.35.3/lib/capybara/rack_test/browser.rb:24:in `visit'[0m
      [36m# /home/ec2-user/.rvm/gems/ruby-2.6.3/gems/capybara-3.35.3/lib/capybara/rack_test/driver.rb:46:in `visit'[0m
      [36m# /home/ec2-user/.rvm/gems/ruby-2.6.3/gems/capybara-3.35.3/lib/capybara/session.rb:278:in `visit'[0m
      [36m# /home/ec2-user/.rvm/gems/ruby-2.6.3/gems/capybara-3.35.3/lib/capybara/dsl.rb:58:in `block (2 levels) in <module:DSL>'[0m
      [36m# ./spec/system/02_after_login_spec.rb:199:in `block (3 levels) in <main>'[0m
      [36m# ------------------[0m
      [36m# --- Caused by: ---[0m
      [36m# ActionController::UrlGenerationError:[0m
      [36m#   No route matches {:action=>"show", :controller=>"users", :id=>nil}, missing required keys: [:id][0m
      [36m#   ./app/views/layouts/application.html.erb:26:in `_app_views_layouts_application_html_erb__3345970936660415486_72569540'[0m

  30) [STEP2] ユーザログイン後のテスト 自分の投稿編集画面のテスト 表示の確認 Update Bookボタンが表示される
      [31mFailure/Error: <%= link_to "Home", user_path(@user), class: "text-light" %>[0m
      [31m[0m
      [31mActionView::Template::Error:[0m
      [31m  No route matches {:action=>"show", :controller=>"users", :id=>nil}, missing required keys: [:id][0m
      [36m# ./app/views/layouts/application.html.erb:26:in `_app_views_layouts_application_html_erb__3345970936660415486_72569540'[0m
      [36m# /home/ec2-user/.rvm/gems/ruby-2.6.3/gems/warden-1.2.9/lib/warden/manager.rb:36:in `block in call'[0m
      [36m# /home/ec2-user/.rvm/gems/ruby-2.6.3/gems/warden-1.2.9/lib/warden/manager.rb:34:in `catch'[0m
      [36m# /home/ec2-user/.rvm/gems/ruby-2.6.3/gems/warden-1.2.9/lib/warden/manager.rb:34:in `call'[0m
      [36m# /home/ec2-user/.rvm/gems/ruby-2.6.3/gems/rack-2.2.3/lib/rack/tempfile_reaper.rb:15:in `call'[0m
      [36m# /home/ec2-user/.rvm/gems/ruby-2.6.3/gems/rack-2.2.3/lib/rack/etag.rb:27:in `call'[0m
      [36m# /home/ec2-user/.rvm/gems/ruby-2.6.3/gems/rack-2.2.3/lib/rack/conditional_get.rb:27:in `call'[0m
      [36m# /home/ec2-user/.rvm/gems/ruby-2.6.3/gems/rack-2.2.3/lib/rack/head.rb:12:in `call'[0m
      [36m# /home/ec2-user/.rvm/gems/ruby-2.6.3/gems/rack-2.2.3/lib/rack/session/abstract/id.rb:266:in `context'[0m
      [36m# /home/ec2-user/.rvm/gems/ruby-2.6.3/gems/rack-2.2.3/lib/rack/session/abstract/id.rb:260:in `call'[0m
      [36m# /home/ec2-user/.rvm/gems/ruby-2.6.3/gems/railties-5.2.4.5/lib/rails/rack/logger.rb:38:in `call_app'[0m
      [36m# /home/ec2-user/.rvm/gems/ruby-2.6.3/gems/railties-5.2.4.5/lib/rails/rack/logger.rb:26:in `block in call'[0m
      [36m# /home/ec2-user/.rvm/gems/ruby-2.6.3/gems/railties-5.2.4.5/lib/rails/rack/logger.rb:26:in `call'[0m
      [36m# /home/ec2-user/.rvm/gems/ruby-2.6.3/gems/rack-2.2.3/lib/rack/method_override.rb:24:in `call'[0m
      [36m# /home/ec2-user/.rvm/gems/ruby-2.6.3/gems/rack-2.2.3/lib/rack/runtime.rb:22:in `call'[0m
      [36m# /home/ec2-user/.rvm/gems/ruby-2.6.3/gems/rack-2.2.3/lib/rack/sendfile.rb:110:in `call'[0m
      [36m# /home/ec2-user/.rvm/gems/ruby-2.6.3/gems/railties-5.2.4.5/lib/rails/engine.rb:524:in `call'[0m
      [36m# /home/ec2-user/.rvm/gems/ruby-2.6.3/gems/rack-2.2.3/lib/rack/urlmap.rb:74:in `block in call'[0m
      [36m# /home/ec2-user/.rvm/gems/ruby-2.6.3/gems/rack-2.2.3/lib/rack/urlmap.rb:58:in `each'[0m
      [36m# /home/ec2-user/.rvm/gems/ruby-2.6.3/gems/rack-2.2.3/lib/rack/urlmap.rb:58:in `call'[0m
      [36m# /home/ec2-user/.rvm/gems/ruby-2.6.3/gems/rack-2.2.3/lib/rack/builder.rb:244:in `call'[0m
      [36m# /home/ec2-user/.rvm/gems/ruby-2.6.3/gems/rack-test-1.1.0/lib/rack/mock_session.rb:29:in `request'[0m
      [36m# /home/ec2-user/.rvm/gems/ruby-2.6.3/gems/rack-test-1.1.0/lib/rack/test.rb:266:in `process_request'[0m
      [36m# /home/ec2-user/.rvm/gems/ruby-2.6.3/gems/rack-test-1.1.0/lib/rack/test.rb:129:in `custom_request'[0m
      [36m# /home/ec2-user/.rvm/gems/ruby-2.6.3/gems/rack-test-1.1.0/lib/rack/test.rb:58:in `get'[0m
      [36m# /home/ec2-user/.rvm/gems/ruby-2.6.3/gems/capybara-3.35.3/lib/capybara/rack_test/browser.rb:72:in `process'[0m
      [36m# /home/ec2-user/.rvm/gems/ruby-2.6.3/gems/capybara-3.35.3/lib/capybara/rack_test/browser.rb:47:in `process_and_follow_redirects'[0m
      [36m# /home/ec2-user/.rvm/gems/ruby-2.6.3/gems/capybara-3.35.3/lib/capybara/rack_test/browser.rb:24:in `visit'[0m
      [36m# /home/ec2-user/.rvm/gems/ruby-2.6.3/gems/capybara-3.35.3/lib/capybara/rack_test/driver.rb:46:in `visit'[0m
      [36m# /home/ec2-user/.rvm/gems/ruby-2.6.3/gems/capybara-3.35.3/lib/capybara/session.rb:278:in `visit'[0m
      [36m# /home/ec2-user/.rvm/gems/ruby-2.6.3/gems/capybara-3.35.3/lib/capybara/dsl.rb:58:in `block (2 levels) in <module:DSL>'[0m
      [36m# ./spec/system/02_after_login_spec.rb:199:in `block (3 levels) in <main>'[0m
      [36m# ------------------[0m
      [36m# --- Caused by: ---[0m
      [36m# ActionController::UrlGenerationError:[0m
      [36m#   No route matches {:action=>"show", :controller=>"users", :id=>nil}, missing required keys: [:id][0m
      [36m#   ./app/views/layouts/application.html.erb:26:in `_app_views_layouts_application_html_erb__3345970936660415486_72569540'[0m

  31) [STEP2] ユーザログイン後のテスト 自分の投稿編集画面のテスト 表示の確認 Showリンクが表示される
      [31mFailure/Error: <%= link_to "Home", user_path(@user), class: "text-light" %>[0m
      [31m[0m
      [31mActionView::Template::Error:[0m
      [31m  No route matches {:action=>"show", :controller=>"users", :id=>nil}, missing required keys: [:id][0m
      [36m# ./app/views/layouts/application.html.erb:26:in `_app_views_layouts_application_html_erb__3345970936660415486_72569540'[0m
      [36m# /home/ec2-user/.rvm/gems/ruby-2.6.3/gems/warden-1.2.9/lib/warden/manager.rb:36:in `block in call'[0m
      [36m# /home/ec2-user/.rvm/gems/ruby-2.6.3/gems/warden-1.2.9/lib/warden/manager.rb:34:in `catch'[0m
      [36m# /home/ec2-user/.rvm/gems/ruby-2.6.3/gems/warden-1.2.9/lib/warden/manager.rb:34:in `call'[0m
      [36m# /home/ec2-user/.rvm/gems/ruby-2.6.3/gems/rack-2.2.3/lib/rack/tempfile_reaper.rb:15:in `call'[0m
      [36m# /home/ec2-user/.rvm/gems/ruby-2.6.3/gems/rack-2.2.3/lib/rack/etag.rb:27:in `call'[0m
      [36m# /home/ec2-user/.rvm/gems/ruby-2.6.3/gems/rack-2.2.3/lib/rack/conditional_get.rb:27:in `call'[0m
      [36m# /home/ec2-user/.rvm/gems/ruby-2.6.3/gems/rack-2.2.3/lib/rack/head.rb:12:in `call'[0m
      [36m# /home/ec2-user/.rvm/gems/ruby-2.6.3/gems/rack-2.2.3/lib/rack/session/abstract/id.rb:266:in `context'[0m
      [36m# /home/ec2-user/.rvm/gems/ruby-2.6.3/gems/rack-2.2.3/lib/rack/session/abstract/id.rb:260:in `call'[0m
      [36m# /home/ec2-user/.rvm/gems/ruby-2.6.3/gems/railties-5.2.4.5/lib/rails/rack/logger.rb:38:in `call_app'[0m
      [36m# /home/ec2-user/.rvm/gems/ruby-2.6.3/gems/railties-5.2.4.5/lib/rails/rack/logger.rb:26:in `block in call'[0m
      [36m# /home/ec2-user/.rvm/gems/ruby-2.6.3/gems/railties-5.2.4.5/lib/rails/rack/logger.rb:26:in `call'[0m
      [36m# /home/ec2-user/.rvm/gems/ruby-2.6.3/gems/rack-2.2.3/lib/rack/method_override.rb:24:in `call'[0m
      [36m# /home/ec2-user/.rvm/gems/ruby-2.6.3/gems/rack-2.2.3/lib/rack/runtime.rb:22:in `call'[0m
      [36m# /home/ec2-user/.rvm/gems/ruby-2.6.3/gems/rack-2.2.3/lib/rack/sendfile.rb:110:in `call'[0m
      [36m# /home/ec2-user/.rvm/gems/ruby-2.6.3/gems/railties-5.2.4.5/lib/rails/engine.rb:524:in `call'[0m
      [36m# /home/ec2-user/.rvm/gems/ruby-2.6.3/gems/rack-2.2.3/lib/rack/urlmap.rb:74:in `block in call'[0m
      [36m# /home/ec2-user/.rvm/gems/ruby-2.6.3/gems/rack-2.2.3/lib/rack/urlmap.rb:58:in `each'[0m
      [36m# /home/ec2-user/.rvm/gems/ruby-2.6.3/gems/rack-2.2.3/lib/rack/urlmap.rb:58:in `call'[0m
      [36m# /home/ec2-user/.rvm/gems/ruby-2.6.3/gems/rack-2.2.3/lib/rack/builder.rb:244:in `call'[0m
      [36m# /home/ec2-user/.rvm/gems/ruby-2.6.3/gems/rack-test-1.1.0/lib/rack/mock_session.rb:29:in `request'[0m
      [36m# /home/ec2-user/.rvm/gems/ruby-2.6.3/gems/rack-test-1.1.0/lib/rack/test.rb:266:in `process_request'[0m
      [36m# /home/ec2-user/.rvm/gems/ruby-2.6.3/gems/rack-test-1.1.0/lib/rack/test.rb:129:in `custom_request'[0m
      [36m# /home/ec2-user/.rvm/gems/ruby-2.6.3/gems/rack-test-1.1.0/lib/rack/test.rb:58:in `get'[0m
      [36m# /home/ec2-user/.rvm/gems/ruby-2.6.3/gems/capybara-3.35.3/lib/capybara/rack_test/browser.rb:72:in `process'[0m
      [36m# /home/ec2-user/.rvm/gems/ruby-2.6.3/gems/capybara-3.35.3/lib/capybara/rack_test/browser.rb:47:in `process_and_follow_redirects'[0m
      [36m# /home/ec2-user/.rvm/gems/ruby-2.6.3/gems/capybara-3.35.3/lib/capybara/rack_test/browser.rb:24:in `visit'[0m
      [36m# /home/ec2-user/.rvm/gems/ruby-2.6.3/gems/capybara-3.35.3/lib/capybara/rack_test/driver.rb:46:in `visit'[0m
      [36m# /home/ec2-user/.rvm/gems/ruby-2.6.3/gems/capybara-3.35.3/lib/capybara/session.rb:278:in `visit'[0m
      [36m# /home/ec2-user/.rvm/gems/ruby-2.6.3/gems/capybara-3.35.3/lib/capybara/dsl.rb:58:in `block (2 levels) in <module:DSL>'[0m
      [36m# ./spec/system/02_after_login_spec.rb:199:in `block (3 levels) in <main>'[0m
      [36m# ------------------[0m
      [36m# --- Caused by: ---[0m
      [36m# ActionController::UrlGenerationError:[0m
      [36m#   No route matches {:action=>"show", :controller=>"users", :id=>nil}, missing required keys: [:id][0m
      [36m#   ./app/views/layouts/application.html.erb:26:in `_app_views_layouts_application_html_erb__3345970936660415486_72569540'[0m

  32) [STEP2] ユーザログイン後のテスト 自分の投稿編集画面のテスト 表示の確認 Backリンクが表示される
      [31mFailure/Error: <%= link_to "Home", user_path(@user), class: "text-light" %>[0m
      [31m[0m
      [31mActionView::Template::Error:[0m
      [31m  No route matches {:action=>"show", :controller=>"users", :id=>nil}, missing required keys: [:id][0m
      [36m# ./app/views/layouts/application.html.erb:26:in `_app_views_layouts_application_html_erb__3345970936660415486_72569540'[0m
      [36m# /home/ec2-user/.rvm/gems/ruby-2.6.3/gems/warden-1.2.9/lib/warden/manager.rb:36:in `block in call'[0m
      [36m# /home/ec2-user/.rvm/gems/ruby-2.6.3/gems/warden-1.2.9/lib/warden/manager.rb:34:in `catch'[0m
      [36m# /home/ec2-user/.rvm/gems/ruby-2.6.3/gems/warden-1.2.9/lib/warden/manager.rb:34:in `call'[0m
      [36m# /home/ec2-user/.rvm/gems/ruby-2.6.3/gems/rack-2.2.3/lib/rack/tempfile_reaper.rb:15:in `call'[0m
      [36m# /home/ec2-user/.rvm/gems/ruby-2.6.3/gems/rack-2.2.3/lib/rack/etag.rb:27:in `call'[0m
      [36m# /home/ec2-user/.rvm/gems/ruby-2.6.3/gems/rack-2.2.3/lib/rack/conditional_get.rb:27:in `call'[0m
      [36m# /home/ec2-user/.rvm/gems/ruby-2.6.3/gems/rack-2.2.3/lib/rack/head.rb:12:in `call'[0m
      [36m# /home/ec2-user/.rvm/gems/ruby-2.6.3/gems/rack-2.2.3/lib/rack/session/abstract/id.rb:266:in `context'[0m
      [36m# /home/ec2-user/.rvm/gems/ruby-2.6.3/gems/rack-2.2.3/lib/rack/session/abstract/id.rb:260:in `call'[0m
      [36m# /home/ec2-user/.rvm/gems/ruby-2.6.3/gems/railties-5.2.4.5/lib/rails/rack/logger.rb:38:in `call_app'[0m
      [36m# /home/ec2-user/.rvm/gems/ruby-2.6.3/gems/railties-5.2.4.5/lib/rails/rack/logger.rb:26:in `block in call'[0m
      [36m# /home/ec2-user/.rvm/gems/ruby-2.6.3/gems/railties-5.2.4.5/lib/rails/rack/logger.rb:26:in `call'[0m
      [36m# /home/ec2-user/.rvm/gems/ruby-2.6.3/gems/rack-2.2.3/lib/rack/method_override.rb:24:in `call'[0m
      [36m# /home/ec2-user/.rvm/gems/ruby-2.6.3/gems/rack-2.2.3/lib/rack/runtime.rb:22:in `call'[0m
      [36m# /home/ec2-user/.rvm/gems/ruby-2.6.3/gems/rack-2.2.3/lib/rack/sendfile.rb:110:in `call'[0m
      [36m# /home/ec2-user/.rvm/gems/ruby-2.6.3/gems/railties-5.2.4.5/lib/rails/engine.rb:524:in `call'[0m
      [36m# /home/ec2-user/.rvm/gems/ruby-2.6.3/gems/rack-2.2.3/lib/rack/urlmap.rb:74:in `block in call'[0m
      [36m# /home/ec2-user/.rvm/gems/ruby-2.6.3/gems/rack-2.2.3/lib/rack/urlmap.rb:58:in `each'[0m
      [36m# /home/ec2-user/.rvm/gems/ruby-2.6.3/gems/rack-2.2.3/lib/rack/urlmap.rb:58:in `call'[0m
      [36m# /home/ec2-user/.rvm/gems/ruby-2.6.3/gems/rack-2.2.3/lib/rack/builder.rb:244:in `call'[0m
      [36m# /home/ec2-user/.rvm/gems/ruby-2.6.3/gems/rack-test-1.1.0/lib/rack/mock_session.rb:29:in `request'[0m
      [36m# /home/ec2-user/.rvm/gems/ruby-2.6.3/gems/rack-test-1.1.0/lib/rack/test.rb:266:in `process_request'[0m
      [36m# /home/ec2-user/.rvm/gems/ruby-2.6.3/gems/rack-test-1.1.0/lib/rack/test.rb:129:in `custom_request'[0m
      [36m# /home/ec2-user/.rvm/gems/ruby-2.6.3/gems/rack-test-1.1.0/lib/rack/test.rb:58:in `get'[0m
      [36m# /home/ec2-user/.rvm/gems/ruby-2.6.3/gems/capybara-3.35.3/lib/capybara/rack_test/browser.rb:72:in `process'[0m
      [36m# /home/ec2-user/.rvm/gems/ruby-2.6.3/gems/capybara-3.35.3/lib/capybara/rack_test/browser.rb:47:in `process_and_follow_redirects'[0m
      [36m# /home/ec2-user/.rvm/gems/ruby-2.6.3/gems/capybara-3.35.3/lib/capybara/rack_test/browser.rb:24:in `visit'[0m
      [36m# /home/ec2-user/.rvm/gems/ruby-2.6.3/gems/capybara-3.35.3/lib/capybara/rack_test/driver.rb:46:in `visit'[0m
      [36m# /home/ec2-user/.rvm/gems/ruby-2.6.3/gems/capybara-3.35.3/lib/capybara/session.rb:278:in `visit'[0m
      [36m# /home/ec2-user/.rvm/gems/ruby-2.6.3/gems/capybara-3.35.3/lib/capybara/dsl.rb:58:in `block (2 levels) in <module:DSL>'[0m
      [36m# ./spec/system/02_after_login_spec.rb:199:in `block (3 levels) in <main>'[0m
      [36m# ------------------[0m
      [36m# --- Caused by: ---[0m
      [36m# ActionController::UrlGenerationError:[0m
      [36m#   No route matches {:action=>"show", :controller=>"users", :id=>nil}, missing required keys: [:id][0m
      [36m#   ./app/views/layouts/application.html.erb:26:in `_app_views_layouts_application_html_erb__3345970936660415486_72569540'[0m

  33) [STEP2] ユーザログイン後のテスト 自分の投稿編集画面のテスト 編集成功のテスト titleが正しく更新される
      [31mFailure/Error: <%= link_to "Home", user_path(@user), class: "text-light" %>[0m
      [31m[0m
      [31mActionView::Template::Error:[0m
      [31m  No route matches {:action=>"show", :controller=>"users", :id=>nil}, missing required keys: [:id][0m
      [36m# ./app/views/layouts/application.html.erb:26:in `_app_views_layouts_application_html_erb__3345970936660415486_72569540'[0m
      [36m# /home/ec2-user/.rvm/gems/ruby-2.6.3/gems/warden-1.2.9/lib/warden/manager.rb:36:in `block in call'[0m
      [36m# /home/ec2-user/.rvm/gems/ruby-2.6.3/gems/warden-1.2.9/lib/warden/manager.rb:34:in `catch'[0m
      [36m# /home/ec2-user/.rvm/gems/ruby-2.6.3/gems/warden-1.2.9/lib/warden/manager.rb:34:in `call'[0m
      [36m# /home/ec2-user/.rvm/gems/ruby-2.6.3/gems/rack-2.2.3/lib/rack/tempfile_reaper.rb:15:in `call'[0m
      [36m# /home/ec2-user/.rvm/gems/ruby-2.6.3/gems/rack-2.2.3/lib/rack/etag.rb:27:in `call'[0m
      [36m# /home/ec2-user/.rvm/gems/ruby-2.6.3/gems/rack-2.2.3/lib/rack/conditional_get.rb:27:in `call'[0m
      [36m# /home/ec2-user/.rvm/gems/ruby-2.6.3/gems/rack-2.2.3/lib/rack/head.rb:12:in `call'[0m
      [36m# /home/ec2-user/.rvm/gems/ruby-2.6.3/gems/rack-2.2.3/lib/rack/session/abstract/id.rb:266:in `context'[0m
      [36m# /home/ec2-user/.rvm/gems/ruby-2.6.3/gems/rack-2.2.3/lib/rack/session/abstract/id.rb:260:in `call'[0m
      [36m# /home/ec2-user/.rvm/gems/ruby-2.6.3/gems/railties-5.2.4.5/lib/rails/rack/logger.rb:38:in `call_app'[0m
      [36m# /home/ec2-user/.rvm/gems/ruby-2.6.3/gems/railties-5.2.4.5/lib/rails/rack/logger.rb:26:in `block in call'[0m
      [36m# /home/ec2-user/.rvm/gems/ruby-2.6.3/gems/railties-5.2.4.5/lib/rails/rack/logger.rb:26:in `call'[0m
      [36m# /home/ec2-user/.rvm/gems/ruby-2.6.3/gems/rack-2.2.3/lib/rack/method_override.rb:24:in `call'[0m
      [36m# /home/ec2-user/.rvm/gems/ruby-2.6.3/gems/rack-2.2.3/lib/rack/runtime.rb:22:in `call'[0m
      [36m# /home/ec2-user/.rvm/gems/ruby-2.6.3/gems/rack-2.2.3/lib/rack/sendfile.rb:110:in `call'[0m
      [36m# /home/ec2-user/.rvm/gems/ruby-2.6.3/gems/railties-5.2.4.5/lib/rails/engine.rb:524:in `call'[0m
      [36m# /home/ec2-user/.rvm/gems/ruby-2.6.3/gems/rack-2.2.3/lib/rack/urlmap.rb:74:in `block in call'[0m
      [36m# /home/ec2-user/.rvm/gems/ruby-2.6.3/gems/rack-2.2.3/lib/rack/urlmap.rb:58:in `each'[0m
      [36m# /home/ec2-user/.rvm/gems/ruby-2.6.3/gems/rack-2.2.3/lib/rack/urlmap.rb:58:in `call'[0m
      [36m# /home/ec2-user/.rvm/gems/ruby-2.6.3/gems/rack-2.2.3/lib/rack/builder.rb:244:in `call'[0m
      [36m# /home/ec2-user/.rvm/gems/ruby-2.6.3/gems/rack-test-1.1.0/lib/rack/mock_session.rb:29:in `request'[0m
      [36m# /home/ec2-user/.rvm/gems/ruby-2.6.3/gems/rack-test-1.1.0/lib/rack/test.rb:266:in `process_request'[0m
      [36m# /home/ec2-user/.rvm/gems/ruby-2.6.3/gems/rack-test-1.1.0/lib/rack/test.rb:129:in `custom_request'[0m
      [36m# /home/ec2-user/.rvm/gems/ruby-2.6.3/gems/rack-test-1.1.0/lib/rack/test.rb:58:in `get'[0m
      [36m# /home/ec2-user/.rvm/gems/ruby-2.6.3/gems/capybara-3.35.3/lib/capybara/rack_test/browser.rb:72:in `process'[0m
      [36m# /home/ec2-user/.rvm/gems/ruby-2.6.3/gems/capybara-3.35.3/lib/capybara/rack_test/browser.rb:47:in `process_and_follow_redirects'[0m
      [36m# /home/ec2-user/.rvm/gems/ruby-2.6.3/gems/capybara-3.35.3/lib/capybara/rack_test/browser.rb:24:in `visit'[0m
      [36m# /home/ec2-user/.rvm/gems/ruby-2.6.3/gems/capybara-3.35.3/lib/capybara/rack_test/driver.rb:46:in `visit'[0m
      [36m# /home/ec2-user/.rvm/gems/ruby-2.6.3/gems/capybara-3.35.3/lib/capybara/session.rb:278:in `visit'[0m
      [36m# /home/ec2-user/.rvm/gems/ruby-2.6.3/gems/capybara-3.35.3/lib/capybara/dsl.rb:58:in `block (2 levels) in <module:DSL>'[0m
      [36m# ./spec/system/02_after_login_spec.rb:199:in `block (3 levels) in <main>'[0m
      [36m# ------------------[0m
      [36m# --- Caused by: ---[0m
      [36m# ActionController::UrlGenerationError:[0m
      [36m#   No route matches {:action=>"show", :controller=>"users", :id=>nil}, missing required keys: [:id][0m
      [36m#   ./app/views/layouts/application.html.erb:26:in `_app_views_layouts_application_html_erb__3345970936660415486_72569540'[0m

  34) [STEP2] ユーザログイン後のテスト 自分の投稿編集画面のテスト 編集成功のテスト bodyが正しく更新される
      [31mFailure/Error: <%= link_to "Home", user_path(@user), class: "text-light" %>[0m
      [31m[0m
      [31mActionView::Template::Error:[0m
      [31m  No route matches {:action=>"show", :controller=>"users", :id=>nil}, missing required keys: [:id][0m
      [36m# ./app/views/layouts/application.html.erb:26:in `_app_views_layouts_application_html_erb__3345970936660415486_72569540'[0m
      [36m# /home/ec2-user/.rvm/gems/ruby-2.6.3/gems/warden-1.2.9/lib/warden/manager.rb:36:in `block in call'[0m
      [36m# /home/ec2-user/.rvm/gems/ruby-2.6.3/gems/warden-1.2.9/lib/warden/manager.rb:34:in `catch'[0m
      [36m# /home/ec2-user/.rvm/gems/ruby-2.6.3/gems/warden-1.2.9/lib/warden/manager.rb:34:in `call'[0m
      [36m# /home/ec2-user/.rvm/gems/ruby-2.6.3/gems/rack-2.2.3/lib/rack/tempfile_reaper.rb:15:in `call'[0m
      [36m# /home/ec2-user/.rvm/gems/ruby-2.6.3/gems/rack-2.2.3/lib/rack/etag.rb:27:in `call'[0m
      [36m# /home/ec2-user/.rvm/gems/ruby-2.6.3/gems/rack-2.2.3/lib/rack/conditional_get.rb:27:in `call'[0m
      [36m# /home/ec2-user/.rvm/gems/ruby-2.6.3/gems/rack-2.2.3/lib/rack/head.rb:12:in `call'[0m
      [36m# /home/ec2-user/.rvm/gems/ruby-2.6.3/gems/rack-2.2.3/lib/rack/session/abstract/id.rb:266:in `context'[0m
      [36m# /home/ec2-user/.rvm/gems/ruby-2.6.3/gems/rack-2.2.3/lib/rack/session/abstract/id.rb:260:in `call'[0m
      [36m# /home/ec2-user/.rvm/gems/ruby-2.6.3/gems/railties-5.2.4.5/lib/rails/rack/logger.rb:38:in `call_app'[0m
      [36m# /home/ec2-user/.rvm/gems/ruby-2.6.3/gems/railties-5.2.4.5/lib/rails/rack/logger.rb:26:in `block in call'[0m
      [36m# /home/ec2-user/.rvm/gems/ruby-2.6.3/gems/railties-5.2.4.5/lib/rails/rack/logger.rb:26:in `call'[0m
      [36m# /home/ec2-user/.rvm/gems/ruby-2.6.3/gems/rack-2.2.3/lib/rack/method_override.rb:24:in `call'[0m
      [36m# /home/ec2-user/.rvm/gems/ruby-2.6.3/gems/rack-2.2.3/lib/rack/runtime.rb:22:in `call'[0m
      [36m# /home/ec2-user/.rvm/gems/ruby-2.6.3/gems/rack-2.2.3/lib/rack/sendfile.rb:110:in `call'[0m
      [36m# /home/ec2-user/.rvm/gems/ruby-2.6.3/gems/railties-5.2.4.5/lib/rails/engine.rb:524:in `call'[0m
      [36m# /home/ec2-user/.rvm/gems/ruby-2.6.3/gems/rack-2.2.3/lib/rack/urlmap.rb:74:in `block in call'[0m
      [36m# /home/ec2-user/.rvm/gems/ruby-2.6.3/gems/rack-2.2.3/lib/rack/urlmap.rb:58:in `each'[0m
      [36m# /home/ec2-user/.rvm/gems/ruby-2.6.3/gems/rack-2.2.3/lib/rack/urlmap.rb:58:in `call'[0m
      [36m# /home/ec2-user/.rvm/gems/ruby-2.6.3/gems/rack-2.2.3/lib/rack/builder.rb:244:in `call'[0m
      [36m# /home/ec2-user/.rvm/gems/ruby-2.6.3/gems/rack-test-1.1.0/lib/rack/mock_session.rb:29:in `request'[0m
      [36m# /home/ec2-user/.rvm/gems/ruby-2.6.3/gems/rack-test-1.1.0/lib/rack/test.rb:266:in `process_request'[0m
      [36m# /home/ec2-user/.rvm/gems/ruby-2.6.3/gems/rack-test-1.1.0/lib/rack/test.rb:129:in `custom_request'[0m
      [36m# /home/ec2-user/.rvm/gems/ruby-2.6.3/gems/rack-test-1.1.0/lib/rack/test.rb:58:in `get'[0m
      [36m# /home/ec2-user/.rvm/gems/ruby-2.6.3/gems/capybara-3.35.3/lib/capybara/rack_test/browser.rb:72:in `process'[0m
      [36m# /home/ec2-user/.rvm/gems/ruby-2.6.3/gems/capybara-3.35.3/lib/capybara/rack_test/browser.rb:47:in `process_and_follow_redirects'[0m
      [36m# /home/ec2-user/.rvm/gems/ruby-2.6.3/gems/capybara-3.35.3/lib/capybara/rack_test/browser.rb:24:in `visit'[0m
      [36m# /home/ec2-user/.rvm/gems/ruby-2.6.3/gems/capybara-3.35.3/lib/capybara/rack_test/driver.rb:46:in `visit'[0m
      [36m# /home/ec2-user/.rvm/gems/ruby-2.6.3/gems/capybara-3.35.3/lib/capybara/session.rb:278:in `visit'[0m
      [36m# /home/ec2-user/.rvm/gems/ruby-2.6.3/gems/capybara-3.35.3/lib/capybara/dsl.rb:58:in `block (2 levels) in <module:DSL>'[0m
      [36m# ./spec/system/02_after_login_spec.rb:199:in `block (3 levels) in <main>'[0m
      [36m# ------------------[0m
      [36m# --- Caused by: ---[0m
      [36m# ActionController::UrlGenerationError:[0m
      [36m#   No route matches {:action=>"show", :controller=>"users", :id=>nil}, missing required keys: [:id][0m
      [36m#   ./app/views/layouts/application.html.erb:26:in `_app_views_layouts_application_html_erb__3345970936660415486_72569540'[0m

  35) [STEP2] ユーザログイン後のテスト 自分の投稿編集画面のテスト 編集成功のテスト リダイレクト先が、更新した投稿の詳細画面になっている
      [31mFailure/Error: <%= link_to "Home", user_path(@user), class: "text-light" %>[0m
      [31m[0m
      [31mActionView::Template::Error:[0m
      [31m  No route matches {:action=>"show", :controller=>"users", :id=>nil}, missing required keys: [:id][0m
      [36m# ./app/views/layouts/application.html.erb:26:in `_app_views_layouts_application_html_erb__3345970936660415486_72569540'[0m
      [36m# /home/ec2-user/.rvm/gems/ruby-2.6.3/gems/warden-1.2.9/lib/warden/manager.rb:36:in `block in call'[0m
      [36m# /home/ec2-user/.rvm/gems/ruby-2.6.3/gems/warden-1.2.9/lib/warden/manager.rb:34:in `catch'[0m
      [36m# /home/ec2-user/.rvm/gems/ruby-2.6.3/gems/warden-1.2.9/lib/warden/manager.rb:34:in `call'[0m
      [36m# /home/ec2-user/.rvm/gems/ruby-2.6.3/gems/rack-2.2.3/lib/rack/tempfile_reaper.rb:15:in `call'[0m
      [36m# /home/ec2-user/.rvm/gems/ruby-2.6.3/gems/rack-2.2.3/lib/rack/etag.rb:27:in `call'[0m
      [36m# /home/ec2-user/.rvm/gems/ruby-2.6.3/gems/rack-2.2.3/lib/rack/conditional_get.rb:27:in `call'[0m
      [36m# /home/ec2-user/.rvm/gems/ruby-2.6.3/gems/rack-2.2.3/lib/rack/head.rb:12:in `call'[0m
      [36m# /home/ec2-user/.rvm/gems/ruby-2.6.3/gems/rack-2.2.3/lib/rack/session/abstract/id.rb:266:in `context'[0m
      [36m# /home/ec2-user/.rvm/gems/ruby-2.6.3/gems/rack-2.2.3/lib/rack/session/abstract/id.rb:260:in `call'[0m
      [36m# /home/ec2-user/.rvm/gems/ruby-2.6.3/gems/railties-5.2.4.5/lib/rails/rack/logger.rb:38:in `call_app'[0m
      [36m# /home/ec2-user/.rvm/gems/ruby-2.6.3/gems/railties-5.2.4.5/lib/rails/rack/logger.rb:26:in `block in call'[0m
      [36m# /home/ec2-user/.rvm/gems/ruby-2.6.3/gems/railties-5.2.4.5/lib/rails/rack/logger.rb:26:in `call'[0m
      [36m# /home/ec2-user/.rvm/gems/ruby-2.6.3/gems/rack-2.2.3/lib/rack/method_override.rb:24:in `call'[0m
      [36m# /home/ec2-user/.rvm/gems/ruby-2.6.3/gems/rack-2.2.3/lib/rack/runtime.rb:22:in `call'[0m
      [36m# /home/ec2-user/.rvm/gems/ruby-2.6.3/gems/rack-2.2.3/lib/rack/sendfile.rb:110:in `call'[0m
      [36m# /home/ec2-user/.rvm/gems/ruby-2.6.3/gems/railties-5.2.4.5/lib/rails/engine.rb:524:in `call'[0m
      [36m# /home/ec2-user/.rvm/gems/ruby-2.6.3/gems/rack-2.2.3/lib/rack/urlmap.rb:74:in `block in call'[0m
      [36m# /home/ec2-user/.rvm/gems/ruby-2.6.3/gems/rack-2.2.3/lib/rack/urlmap.rb:58:in `each'[0m
      [36m# /home/ec2-user/.rvm/gems/ruby-2.6.3/gems/rack-2.2.3/lib/rack/urlmap.rb:58:in `call'[0m
      [36m# /home/ec2-user/.rvm/gems/ruby-2.6.3/gems/rack-2.2.3/lib/rack/builder.rb:244:in `call'[0m
      [36m# /home/ec2-user/.rvm/gems/ruby-2.6.3/gems/rack-test-1.1.0/lib/rack/mock_session.rb:29:in `request'[0m
      [36m# /home/ec2-user/.rvm/gems/ruby-2.6.3/gems/rack-test-1.1.0/lib/rack/test.rb:266:in `process_request'[0m
      [36m# /home/ec2-user/.rvm/gems/ruby-2.6.3/gems/rack-test-1.1.0/lib/rack/test.rb:129:in `custom_request'[0m
      [36m# /home/ec2-user/.rvm/gems/ruby-2.6.3/gems/rack-test-1.1.0/lib/rack/test.rb:58:in `get'[0m
      [36m# /home/ec2-user/.rvm/gems/ruby-2.6.3/gems/capybara-3.35.3/lib/capybara/rack_test/browser.rb:72:in `process'[0m
      [36m# /home/ec2-user/.rvm/gems/ruby-2.6.3/gems/capybara-3.35.3/lib/capybara/rack_test/browser.rb:47:in `process_and_follow_redirects'[0m
      [36m# /home/ec2-user/.rvm/gems/ruby-2.6.3/gems/capybara-3.35.3/lib/capybara/rack_test/browser.rb:24:in `visit'[0m
      [36m# /home/ec2-user/.rvm/gems/ruby-2.6.3/gems/capybara-3.35.3/lib/capybara/rack_test/driver.rb:46:in `visit'[0m
      [36m# /home/ec2-user/.rvm/gems/ruby-2.6.3/gems/capybara-3.35.3/lib/capybara/session.rb:278:in `visit'[0m
      [36m# /home/ec2-user/.rvm/gems/ruby-2.6.3/gems/capybara-3.35.3/lib/capybara/dsl.rb:58:in `block (2 levels) in <module:DSL>'[0m
      [36m# ./spec/system/02_after_login_spec.rb:199:in `block (3 levels) in <main>'[0m
      [36m# ------------------[0m
      [36m# --- Caused by: ---[0m
      [36m# ActionController::UrlGenerationError:[0m
      [36m#   No route matches {:action=>"show", :controller=>"users", :id=>nil}, missing required keys: [:id][0m
      [36m#   ./app/views/layouts/application.html.erb:26:in `_app_views_layouts_application_html_erb__3345970936660415486_72569540'[0m

  36) [STEP2] ユーザログイン後のテスト ユーザ一覧画面のテスト 表示内容の確認 自分と他人のshowリンクがそれぞれ表示される
      [31mFailure/Error: expect(page).to have_link 'Show', href: user_path(user)[0m
      [31m  expected to find link "Show" with href "/users/2" but there were no matches[0m
      [36m# ./spec/system/02_after_login_spec.rb:265:in `block (4 levels) in <main>'[0m

  37) [STEP2] ユーザログイン後のテスト 自分のユーザ詳細画面のテスト 表示の確認 投稿一覧に自分の投稿のtitleが表示され、リンクが正しい
      [31mFailure/Error: expect(page).to have_link book.title, href: book_path(book)[0m
      [31m  expected to find link "0lxqq" with href "/books/1" but there were no matches[0m
      [36m# ./spec/system/02_after_login_spec.rb:312:in `block (4 levels) in <main>'[0m

  38) [STEP2] ユーザログイン後のテスト 自分のユーザ情報編集画面のテスト 表示の確認 URLが正しい
      [31mFailure/Error: expect(current_path).to eq '/users/' + user.id.to_s + '/edit'[0m
      [31m[0m
      [31m  expected: "/users/2/edit"[0m
      [31m       got: "/users/2"[0m
      [31m[0m
      [31m  (compared using ==)[0m
      [36m# ./spec/system/02_after_login_spec.rb:360:in `block (4 levels) in <main>'[0m

  39) [STEP2] ユーザログイン後のテスト 自分のユーザ情報編集画面のテスト 表示の確認 名前編集フォームに自分の名前が表示される
      [31mFailure/Error: expect(page).to have_field 'user[name]', with: user.name[0m
      [31m  expected to find field "user[name]" that is not disabled but there were no matches[0m
      [36m# ./spec/system/02_after_login_spec.rb:363:in `block (4 levels) in <main>'[0m

  40) [STEP2] ユーザログイン後のテスト 自分のユーザ情報編集画面のテスト 表示の確認 画像編集フォームが表示される
      [31mFailure/Error: expect(page).to have_field 'user[profile_image]'[0m
      [31m  expected to find field "user[profile_image]" that is not disabled but there were no matches[0m
      [36m# ./spec/system/02_after_login_spec.rb:366:in `block (4 levels) in <main>'[0m

  41) [STEP2] ユーザログイン後のテスト 自分のユーザ情報編集画面のテスト 表示の確認 自己紹介編集フォームに自分の自己紹介文が表示される
      [31mFailure/Error: expect(page).to have_field 'user[introduction]', with: user.introduction[0m
      [31m  expected to find field "user[introduction]" that is not disabled but there were no matches[0m
      [36m# ./spec/system/02_after_login_spec.rb:369:in `block (4 levels) in <main>'[0m

  42) [STEP2] ユーザログイン後のテスト 自分のユーザ情報編集画面のテスト 表示の確認 Update Userボタンが表示される
      [31mFailure/Error: expect(page).to have_button 'Update User'[0m
      [31m  expected to find button "Update User" that is not disabled but there were no matches[0m
      [36m# ./spec/system/02_after_login_spec.rb:372:in `block (4 levels) in <main>'[0m

  43) [STEP2] ユーザログイン後のテスト 自分のユーザ情報編集画面のテスト 更新成功のテスト nameが正しく更新される
      [31mFailure/Error: fill_in 'user[name]', with: Faker::Lorem.characters(number: 9)[0m
      [31m[0m
      [31mCapybara::ElementNotFound:[0m
      [31m  Unable to find field "user[name]" that is not disabled[0m
      [36m# /home/ec2-user/.rvm/gems/ruby-2.6.3/gems/capybara-3.35.3/lib/capybara/node/finders.rb:303:in `block in synced_resolve'[0m
      [36m# /home/ec2-user/.rvm/gems/ruby-2.6.3/gems/capybara-3.35.3/lib/capybara/node/base.rb:83:in `synchronize'[0m
      [36m# /home/ec2-user/.rvm/gems/ruby-2.6.3/gems/capybara-3.35.3/lib/capybara/node/finders.rb:292:in `synced_resolve'[0m
      [36m# /home/ec2-user/.rvm/gems/ruby-2.6.3/gems/capybara-3.35.3/lib/capybara/node/finders.rb:53:in `find'[0m
      [36m# /home/ec2-user/.rvm/gems/ruby-2.6.3/gems/capybara-3.35.3/lib/capybara/node/actions.rb:91:in `fill_in'[0m
      [36m# /home/ec2-user/.rvm/gems/ruby-2.6.3/gems/capybara-3.35.3/lib/capybara/session.rb:768:in `block (2 levels) in <class:Session>'[0m
      [36m# /home/ec2-user/.rvm/gems/ruby-2.6.3/gems/capybara-3.35.3/lib/capybara/dsl.rb:58:in `block (2 levels) in <module:DSL>'[0m
      [36m# ./spec/system/02_after_login_spec.rb:380:in `block (4 levels) in <main>'[0m

  44) [STEP2] ユーザログイン後のテスト 自分のユーザ情報編集画面のテスト 更新成功のテスト introductionが正しく更新される
      [31mFailure/Error: fill_in 'user[name]', with: Faker::Lorem.characters(number: 9)[0m
      [31m[0m
      [31mCapybara::ElementNotFound:[0m
      [31m  Unable to find field "user[name]" that is not disabled[0m
      [36m# /home/ec2-user/.rvm/gems/ruby-2.6.3/gems/capybara-3.35.3/lib/capybara/node/finders.rb:303:in `block in synced_resolve'[0m
      [36m# /home/ec2-user/.rvm/gems/ruby-2.6.3/gems/capybara-3.35.3/lib/capybara/node/base.rb:83:in `synchronize'[0m
      [36m# /home/ec2-user/.rvm/gems/ruby-2.6.3/gems/capybara-3.35.3/lib/capybara/node/finders.rb:292:in `synced_resolve'[0m
      [36m# /home/ec2-user/.rvm/gems/ruby-2.6.3/gems/capybara-3.35.3/lib/capybara/node/finders.rb:53:in `find'[0m
      [36m# /home/ec2-user/.rvm/gems/ruby-2.6.3/gems/capybara-3.35.3/lib/capybara/node/actions.rb:91:in `fill_in'[0m
      [36m# /home/ec2-user/.rvm/gems/ruby-2.6.3/gems/capybara-3.35.3/lib/capybara/session.rb:768:in `block (2 levels) in <class:Session>'[0m
      [36m# /home/ec2-user/.rvm/gems/ruby-2.6.3/gems/capybara-3.35.3/lib/capybara/dsl.rb:58:in `block (2 levels) in <module:DSL>'[0m
      [36m# ./spec/system/02_after_login_spec.rb:380:in `block (4 levels) in <main>'[0m

  45) [STEP2] ユーザログイン後のテスト 自分のユーザ情報編集画面のテスト 更新成功のテスト リダイレクト先が、自分のユーザ詳細画面になっている
      [31mFailure/Error: fill_in 'user[name]', with: Faker::Lorem.characters(number: 9)[0m
      [31m[0m
      [31mCapybara::ElementNotFound:[0m
      [31m  Unable to find field "user[name]" that is not disabled[0m
      [36m# /home/ec2-user/.rvm/gems/ruby-2.6.3/gems/capybara-3.35.3/lib/capybara/node/finders.rb:303:in `block in synced_resolve'[0m
      [36m# /home/ec2-user/.rvm/gems/ruby-2.6.3/gems/capybara-3.35.3/lib/capybara/node/base.rb:83:in `synchronize'[0m
      [36m# /home/ec2-user/.rvm/gems/ruby-2.6.3/gems/capybara-3.35.3/lib/capybara/node/finders.rb:292:in `synced_resolve'[0m
      [36m# /home/ec2-user/.rvm/gems/ruby-2.6.3/gems/capybara-3.35.3/lib/capybara/node/finders.rb:53:in `find'[0m
      [36m# /home/ec2-user/.rvm/gems/ruby-2.6.3/gems/capybara-3.35.3/lib/capybara/node/actions.rb:91:in `fill_in'[0m
      [36m# /home/ec2-user/.rvm/gems/ruby-2.6.3/gems/capybara-3.35.3/lib/capybara/session.rb:768:in `block (2 levels) in <class:Session>'[0m
      [36m# /home/ec2-user/.rvm/gems/ruby-2.6.3/gems/capybara-3.35.3/lib/capybara/dsl.rb:58:in `block (2 levels) in <module:DSL>'[0m
      [36m# ./spec/system/02_after_login_spec.rb:380:in `block (4 levels) in <main>'[0m

  46) [STEP3] 仕上げのテスト サクセスメッセージのテスト ユーザのプロフィール情報更新成功時
      [31mFailure/Error: click_button 'Update User'[0m
      [31m[0m
      [31mCapybara::ElementNotFound:[0m
      [31m  Unable to find button "Update User" that is not disabled[0m
      [36m# /home/ec2-user/.rvm/gems/ruby-2.6.3/gems/capybara-3.35.3/lib/capybara/node/finders.rb:303:in `block in synced_resolve'[0m
      [36m# /home/ec2-user/.rvm/gems/ruby-2.6.3/gems/capybara-3.35.3/lib/capybara/node/base.rb:83:in `synchronize'[0m
      [36m# /home/ec2-user/.rvm/gems/ruby-2.6.3/gems/capybara-3.35.3/lib/capybara/node/finders.rb:292:in `synced_resolve'[0m
      [36m# /home/ec2-user/.rvm/gems/ruby-2.6.3/gems/capybara-3.35.3/lib/capybara/node/finders.rb:53:in `find'[0m
      [36m# /home/ec2-user/.rvm/gems/ruby-2.6.3/gems/capybara-3.35.3/lib/capybara/node/actions.rb:58:in `click_button'[0m
      [36m# /home/ec2-user/.rvm/gems/ruby-2.6.3/gems/capybara-3.35.3/lib/capybara/session.rb:768:in `block (2 levels) in <class:Session>'[0m
      [36m# /home/ec2-user/.rvm/gems/ruby-2.6.3/gems/capybara-3.35.3/lib/capybara/dsl.rb:58:in `block (2 levels) in <module:DSL>'[0m
      [36m# ./spec/system/03_finishing_touches_spec.rb:44:in `block (3 levels) in <main>'[0m

  47) [STEP3] 仕上げのテスト サクセスメッセージのテスト 投稿データの更新成功時
      [31mFailure/Error: <%= link_to "Home", user_path(@user), class: "text-light" %>[0m
      [31m[0m
      [31mActionView::Template::Error:[0m
      [31m  No route matches {:action=>"show", :controller=>"users", :id=>nil}, missing required keys: [:id][0m
      [36m# ./app/views/layouts/application.html.erb:26:in `_app_views_layouts_application_html_erb__3345970936660415486_72569540'[0m
      [36m# /home/ec2-user/.rvm/gems/ruby-2.6.3/gems/warden-1.2.9/lib/warden/manager.rb:36:in `block in call'[0m
      [36m# /home/ec2-user/.rvm/gems/ruby-2.6.3/gems/warden-1.2.9/lib/warden/manager.rb:34:in `catch'[0m
      [36m# /home/ec2-user/.rvm/gems/ruby-2.6.3/gems/warden-1.2.9/lib/warden/manager.rb:34:in `call'[0m
      [36m# /home/ec2-user/.rvm/gems/ruby-2.6.3/gems/rack-2.2.3/lib/rack/tempfile_reaper.rb:15:in `call'[0m
      [36m# /home/ec2-user/.rvm/gems/ruby-2.6.3/gems/rack-2.2.3/lib/rack/etag.rb:27:in `call'[0m
      [36m# /home/ec2-user/.rvm/gems/ruby-2.6.3/gems/rack-2.2.3/lib/rack/conditional_get.rb:27:in `call'[0m
      [36m# /home/ec2-user/.rvm/gems/ruby-2.6.3/gems/rack-2.2.3/lib/rack/head.rb:12:in `call'[0m
      [36m# /home/ec2-user/.rvm/gems/ruby-2.6.3/gems/rack-2.2.3/lib/rack/session/abstract/id.rb:266:in `context'[0m
      [36m# /home/ec2-user/.rvm/gems/ruby-2.6.3/gems/rack-2.2.3/lib/rack/session/abstract/id.rb:260:in `call'[0m
      [36m# /home/ec2-user/.rvm/gems/ruby-2.6.3/gems/railties-5.2.4.5/lib/rails/rack/logger.rb:38:in `call_app'[0m
      [36m# /home/ec2-user/.rvm/gems/ruby-2.6.3/gems/railties-5.2.4.5/lib/rails/rack/logger.rb:26:in `block in call'[0m
      [36m# /home/ec2-user/.rvm/gems/ruby-2.6.3/gems/railties-5.2.4.5/lib/rails/rack/logger.rb:26:in `call'[0m
      [36m# /home/ec2-user/.rvm/gems/ruby-2.6.3/gems/rack-2.2.3/lib/rack/method_override.rb:24:in `call'[0m
      [36m# /home/ec2-user/.rvm/gems/ruby-2.6.3/gems/rack-2.2.3/lib/rack/runtime.rb:22:in `call'[0m
      [36m# /home/ec2-user/.rvm/gems/ruby-2.6.3/gems/rack-2.2.3/lib/rack/sendfile.rb:110:in `call'[0m
      [36m# /home/ec2-user/.rvm/gems/ruby-2.6.3/gems/railties-5.2.4.5/lib/rails/engine.rb:524:in `call'[0m
      [36m# /home/ec2-user/.rvm/gems/ruby-2.6.3/gems/rack-2.2.3/lib/rack/urlmap.rb:74:in `block in call'[0m
      [36m# /home/ec2-user/.rvm/gems/ruby-2.6.3/gems/rack-2.2.3/lib/rack/urlmap.rb:58:in `each'[0m
      [36m# /home/ec2-user/.rvm/gems/ruby-2.6.3/gems/rack-2.2.3/lib/rack/urlmap.rb:58:in `call'[0m
      [36m# /home/ec2-user/.rvm/gems/ruby-2.6.3/gems/rack-2.2.3/lib/rack/builder.rb:244:in `call'[0m
      [36m# /home/ec2-user/.rvm/gems/ruby-2.6.3/gems/rack-test-1.1.0/lib/rack/mock_session.rb:29:in `request'[0m
      [36m# /home/ec2-user/.rvm/gems/ruby-2.6.3/gems/rack-test-1.1.0/lib/rack/test.rb:266:in `process_request'[0m
      [36m# /home/ec2-user/.rvm/gems/ruby-2.6.3/gems/rack-test-1.1.0/lib/rack/test.rb:129:in `custom_request'[0m
      [36m# /home/ec2-user/.rvm/gems/ruby-2.6.3/gems/rack-test-1.1.0/lib/rack/test.rb:58:in `get'[0m
      [36m# /home/ec2-user/.rvm/gems/ruby-2.6.3/gems/capybara-3.35.3/lib/capybara/rack_test/browser.rb:72:in `process'[0m
      [36m# /home/ec2-user/.rvm/gems/ruby-2.6.3/gems/capybara-3.35.3/lib/capybara/rack_test/browser.rb:47:in `process_and_follow_redirects'[0m
      [36m# /home/ec2-user/.rvm/gems/ruby-2.6.3/gems/capybara-3.35.3/lib/capybara/rack_test/browser.rb:24:in `visit'[0m
      [36m# /home/ec2-user/.rvm/gems/ruby-2.6.3/gems/capybara-3.35.3/lib/capybara/rack_test/driver.rb:46:in `visit'[0m
      [36m# /home/ec2-user/.rvm/gems/ruby-2.6.3/gems/capybara-3.35.3/lib/capybara/session.rb:278:in `visit'[0m
      [36m# /home/ec2-user/.rvm/gems/ruby-2.6.3/gems/capybara-3.35.3/lib/capybara/dsl.rb:58:in `block (2 levels) in <module:DSL>'[0m
      [36m# ./spec/system/03_finishing_touches_spec.rb:63:in `block (3 levels) in <main>'[0m
      [36m# ------------------[0m
      [36m# --- Caused by: ---[0m
      [36m# ActionController::UrlGenerationError:[0m
      [36m#   No route matches {:action=>"show", :controller=>"users", :id=>nil}, missing required keys: [:id][0m
      [36m#   ./app/views/layouts/application.html.erb:26:in `_app_views_layouts_application_html_erb__3345970936660415486_72569540'[0m

  48) [STEP3] 仕上げのテスト 処理失敗時のテスト ユーザ新規登録失敗: nameを1文字にする 新規登録されない
      [31mFailure/Error: expect { click_button 'Sign up' }.not_to change(User.all, :count)[0m
      [31m  expected `User::ActiveRecord_Relation#count` not to have changed, but did change from 2 to 3[0m
      [36m# ./spec/system/03_finishing_touches_spec.rb:82:in `block (4 levels) in <main>'[0m

  49) [STEP3] 仕上げのテスト 処理失敗時のテスト ユーザ新規登録失敗: nameを1文字にする 新規登録画面を表示しており、フォームの内容が正しい
      [31mFailure/Error: expect(page).to have_content 'Sign up'[0m
      [31m  expected to find text "Sign up" in "Bookers\nWelcome! You have signed up successfully.\nHome Users Books log out\nBooks\nTitle Opinion\nUser info\nr edit\nNew book\nTitle\nOpinion"[0m
      [36m# ./spec/system/03_finishing_touches_spec.rb:86:in `block (4 levels) in <main>'[0m

  50) [STEP3] 仕上げのテスト 処理失敗時のテスト ユーザ新規登録失敗: nameを1文字にする バリデーションエラーが表示される
      [31mFailure/Error: expect(page).to have_content "is too short (minimum is 2 characters)"[0m
      [31m  expected to find text "is too short (minimum is 2 characters)" in "Bookers\nWelcome! You have signed up successfully.\nHome Users Books log out\nBooks\nTitle Opinion\nUser info\np edit\nNew book\nTitle\nOpinion"[0m
      [36m# ./spec/system/03_finishing_touches_spec.rb:92:in `block (4 levels) in <main>'[0m

  51) [STEP3] 仕上げのテスト 処理失敗時のテスト ユーザのプロフィール情報編集失敗: nameを1文字にする 更新されない
      [31mFailure/Error: fill_in 'user[name]', with: @name[0m
      [31m[0m
      [31mCapybara::ElementNotFound:[0m
      [31m  Unable to find field "user[name]" that is not disabled[0m
      [36m# /home/ec2-user/.rvm/gems/ruby-2.6.3/gems/capybara-3.35.3/lib/capybara/node/finders.rb:303:in `block in synced_resolve'[0m
      [36m# /home/ec2-user/.rvm/gems/ruby-2.6.3/gems/capybara-3.35.3/lib/capybara/node/base.rb:83:in `synchronize'[0m
      [36m# /home/ec2-user/.rvm/gems/ruby-2.6.3/gems/capybara-3.35.3/lib/capybara/node/finders.rb:292:in `synced_resolve'[0m
      [36m# /home/ec2-user/.rvm/gems/ruby-2.6.3/gems/capybara-3.35.3/lib/capybara/node/finders.rb:53:in `find'[0m
      [36m# /home/ec2-user/.rvm/gems/ruby-2.6.3/gems/capybara-3.35.3/lib/capybara/node/actions.rb:91:in `fill_in'[0m
      [36m# /home/ec2-user/.rvm/gems/ruby-2.6.3/gems/capybara-3.35.3/lib/capybara/session.rb:768:in `block (2 levels) in <class:Session>'[0m
      [36m# /home/ec2-user/.rvm/gems/ruby-2.6.3/gems/capybara-3.35.3/lib/capybara/dsl.rb:58:in `block (2 levels) in <module:DSL>'[0m
      [36m# ./spec/system/03_finishing_touches_spec.rb:105:in `block (4 levels) in <main>'[0m

  52) [STEP3] 仕上げのテスト 処理失敗時のテスト ユーザのプロフィール情報編集失敗: nameを1文字にする ユーザ編集画面を表示しており、フォームの内容が正しい
      [31mFailure/Error: fill_in 'user[name]', with: @name[0m
      [31m[0m
      [31mCapybara::ElementNotFound:[0m
      [31m  Unable to find field "user[name]" that is not disabled[0m
      [36m# /home/ec2-user/.rvm/gems/ruby-2.6.3/gems/capybara-3.35.3/lib/capybara/node/finders.rb:303:in `block in synced_resolve'[0m
      [36m# /home/ec2-user/.rvm/gems/ruby-2.6.3/gems/capybara-3.35.3/lib/capybara/node/base.rb:83:in `synchronize'[0m
      [36m# /home/ec2-user/.rvm/gems/ruby-2.6.3/gems/capybara-3.35.3/lib/capybara/node/finders.rb:292:in `synced_resolve'[0m
      [36m# /home/ec2-user/.rvm/gems/ruby-2.6.3/gems/capybara-3.35.3/lib/capybara/node/finders.rb:53:in `find'[0m
      [36m# /home/ec2-user/.rvm/gems/ruby-2.6.3/gems/capybara-3.35.3/lib/capybara/node/actions.rb:91:in `fill_in'[0m
      [36m# /home/ec2-user/.rvm/gems/ruby-2.6.3/gems/capybara-3.35.3/lib/capybara/session.rb:768:in `block (2 levels) in <class:Session>'[0m
      [36m# /home/ec2-user/.rvm/gems/ruby-2.6.3/gems/capybara-3.35.3/lib/capybara/dsl.rb:58:in `block (2 levels) in <module:DSL>'[0m
      [36m# ./spec/system/03_finishing_touches_spec.rb:105:in `block (4 levels) in <main>'[0m

  53) [STEP3] 仕上げのテスト 処理失敗時のテスト ユーザのプロフィール情報編集失敗: nameを1文字にする バリデーションエラーが表示される
      [31mFailure/Error: fill_in 'user[name]', with: @name[0m
      [31m[0m
      [31mCapybara::ElementNotFound:[0m
      [31m  Unable to find field "user[name]" that is not disabled[0m
      [36m# /home/ec2-user/.rvm/gems/ruby-2.6.3/gems/capybara-3.35.3/lib/capybara/node/finders.rb:303:in `block in synced_resolve'[0m
      [36m# /home/ec2-user/.rvm/gems/ruby-2.6.3/gems/capybara-3.35.3/lib/capybara/node/base.rb:83:in `synchronize'[0m
      [36m# /home/ec2-user/.rvm/gems/ruby-2.6.3/gems/capybara-3.35.3/lib/capybara/node/finders.rb:292:in `synced_resolve'[0m
      [36m# /home/ec2-user/.rvm/gems/ruby-2.6.3/gems/capybara-3.35.3/lib/capybara/node/finders.rb:53:in `find'[0m
      [36m# /home/ec2-user/.rvm/gems/ruby-2.6.3/gems/capybara-3.35.3/lib/capybara/node/actions.rb:91:in `fill_in'[0m
      [36m# /home/ec2-user/.rvm/gems/ruby-2.6.3/gems/capybara-3.35.3/lib/capybara/session.rb:768:in `block (2 levels) in <class:Session>'[0m
      [36m# /home/ec2-user/.rvm/gems/ruby-2.6.3/gems/capybara-3.35.3/lib/capybara/dsl.rb:58:in `block (2 levels) in <module:DSL>'[0m
      [36m# ./spec/system/03_finishing_touches_spec.rb:105:in `block (4 levels) in <main>'[0m

  54) [STEP3] 仕上げのテスト 処理失敗時のテスト 投稿データの新規投稿失敗: 投稿一覧画面から行い、titleを空にする 投稿一覧画面を表示している
      [31mFailure/Error: expect(page).to have_content other_book.body[0m
      [31m  expected to find text "s28utp4en8qm883gf06w" in "Bookers\nHome Users Books log out\n1errors prohibited this obj from being saved: Title can't be blank\nUser info\nt3vmzzauug pgy8n1gkzyodvn6bug9u edit\nNew book\nTitle\nOpinion\nkjc8u6rvbmfgj72aims\nBooks\nTitle Opinion ig0a7 e9g7skms78cda98w4v8z"[0m
      [36m# ./spec/system/03_finishing_touches_spec.rb:138:in `block (4 levels) in <main>'[0m

  55) [STEP3] 仕上げのテスト 処理失敗時のテスト 投稿データの更新失敗: titleを空にする 投稿が更新されない
      [31mFailure/Error: <%= link_to "Home", user_path(@user), class: "text-light" %>[0m
      [31m[0m
      [31mActionView::Template::Error:[0m
      [31m  No route matches {:action=>"show", :controller=>"users", :id=>nil}, missing required keys: [:id][0m
      [36m# ./app/views/layouts/application.html.erb:26:in `_app_views_layouts_application_html_erb__3345970936660415486_72569540'[0m
      [36m# /home/ec2-user/.rvm/gems/ruby-2.6.3/gems/warden-1.2.9/lib/warden/manager.rb:36:in `block in call'[0m
      [36m# /home/ec2-user/.rvm/gems/ruby-2.6.3/gems/warden-1.2.9/lib/warden/manager.rb:34:in `catch'[0m
      [36m# /home/ec2-user/.rvm/gems/ruby-2.6.3/gems/warden-1.2.9/lib/warden/manager.rb:34:in `call'[0m
      [36m# /home/ec2-user/.rvm/gems/ruby-2.6.3/gems/rack-2.2.3/lib/rack/tempfile_reaper.rb:15:in `call'[0m
      [36m# /home/ec2-user/.rvm/gems/ruby-2.6.3/gems/rack-2.2.3/lib/rack/etag.rb:27:in `call'[0m
      [36m# /home/ec2-user/.rvm/gems/ruby-2.6.3/gems/rack-2.2.3/lib/rack/conditional_get.rb:27:in `call'[0m
      [36m# /home/ec2-user/.rvm/gems/ruby-2.6.3/gems/rack-2.2.3/lib/rack/head.rb:12:in `call'[0m
      [36m# /home/ec2-user/.rvm/gems/ruby-2.6.3/gems/rack-2.2.3/lib/rack/session/abstract/id.rb:266:in `context'[0m
      [36m# /home/ec2-user/.rvm/gems/ruby-2.6.3/gems/rack-2.2.3/lib/rack/session/abstract/id.rb:260:in `call'[0m
      [36m# /home/ec2-user/.rvm/gems/ruby-2.6.3/gems/railties-5.2.4.5/lib/rails/rack/logger.rb:38:in `call_app'[0m
      [36m# /home/ec2-user/.rvm/gems/ruby-2.6.3/gems/railties-5.2.4.5/lib/rails/rack/logger.rb:26:in `block in call'[0m
      [36m# /home/ec2-user/.rvm/gems/ruby-2.6.3/gems/railties-5.2.4.5/lib/rails/rack/logger.rb:26:in `call'[0m
      [36m# /home/ec2-user/.rvm/gems/ruby-2.6.3/gems/rack-2.2.3/lib/rack/method_override.rb:24:in `call'[0m
      [36m# /home/ec2-user/.rvm/gems/ruby-2.6.3/gems/rack-2.2.3/lib/rack/runtime.rb:22:in `call'[0m
      [36m# /home/ec2-user/.rvm/gems/ruby-2.6.3/gems/rack-2.2.3/lib/rack/sendfile.rb:110:in `call'[0m
      [36m# /home/ec2-user/.rvm/gems/ruby-2.6.3/gems/railties-5.2.4.5/lib/rails/engine.rb:524:in `call'[0m
      [36m# /home/ec2-user/.rvm/gems/ruby-2.6.3/gems/rack-2.2.3/lib/rack/urlmap.rb:74:in `block in call'[0m
      [36m# /home/ec2-user/.rvm/gems/ruby-2.6.3/gems/rack-2.2.3/lib/rack/urlmap.rb:58:in `each'[0m
      [36m# /home/ec2-user/.rvm/gems/ruby-2.6.3/gems/rack-2.2.3/lib/rack/urlmap.rb:58:in `call'[0m
      [36m# /home/ec2-user/.rvm/gems/ruby-2.6.3/gems/rack-2.2.3/lib/rack/builder.rb:244:in `call'[0m
      [36m# /home/ec2-user/.rvm/gems/ruby-2.6.3/gems/rack-test-1.1.0/lib/rack/mock_session.rb:29:in `request'[0m
      [36m# /home/ec2-user/.rvm/gems/ruby-2.6.3/gems/rack-test-1.1.0/lib/rack/test.rb:266:in `process_request'[0m
      [36m# /home/ec2-user/.rvm/gems/ruby-2.6.3/gems/rack-test-1.1.0/lib/rack/test.rb:129:in `custom_request'[0m
      [36m# /home/ec2-user/.rvm/gems/ruby-2.6.3/gems/rack-test-1.1.0/lib/rack/test.rb:58:in `get'[0m
      [36m# /home/ec2-user/.rvm/gems/ruby-2.6.3/gems/capybara-3.35.3/lib/capybara/rack_test/browser.rb:72:in `process'[0m
      [36m# /home/ec2-user/.rvm/gems/ruby-2.6.3/gems/capybara-3.35.3/lib/capybara/rack_test/browser.rb:47:in `process_and_follow_redirects'[0m
      [36m# /home/ec2-user/.rvm/gems/ruby-2.6.3/gems/capybara-3.35.3/lib/capybara/rack_test/browser.rb:24:in `visit'[0m
      [36m# /home/ec2-user/.rvm/gems/ruby-2.6.3/gems/capybara-3.35.3/lib/capybara/rack_test/driver.rb:46:in `visit'[0m
      [36m# /home/ec2-user/.rvm/gems/ruby-2.6.3/gems/capybara-3.35.3/lib/capybara/session.rb:278:in `visit'[0m
      [36m# /home/ec2-user/.rvm/gems/ruby-2.6.3/gems/capybara-3.35.3/lib/capybara/dsl.rb:58:in `block (2 levels) in <module:DSL>'[0m
      [36m# ./spec/system/03_finishing_touches_spec.rb:156:in `block (4 levels) in <main>'[0m
      [36m# ------------------[0m
      [36m# --- Caused by: ---[0m
      [36m# ActionController::UrlGenerationError:[0m
      [36m#   No route matches {:action=>"show", :controller=>"users", :id=>nil}, missing required keys: [:id][0m
      [36m#   ./app/views/layouts/application.html.erb:26:in `_app_views_layouts_application_html_erb__3345970936660415486_72569540'[0m

  56) [STEP3] 仕上げのテスト 処理失敗時のテスト 投稿データの更新失敗: titleを空にする 投稿編集画面を表示しており、フォームの内容が正しい
      [31mFailure/Error: <%= link_to "Home", user_path(@user), class: "text-light" %>[0m
      [31m[0m
      [31mActionView::Template::Error:[0m
      [31m  No route matches {:action=>"show", :controller=>"users", :id=>nil}, missing required keys: [:id][0m
      [36m# ./app/views/layouts/application.html.erb:26:in `_app_views_layouts_application_html_erb__3345970936660415486_72569540'[0m
      [36m# /home/ec2-user/.rvm/gems/ruby-2.6.3/gems/warden-1.2.9/lib/warden/manager.rb:36:in `block in call'[0m
      [36m# /home/ec2-user/.rvm/gems/ruby-2.6.3/gems/warden-1.2.9/lib/warden/manager.rb:34:in `catch'[0m
      [36m# /home/ec2-user/.rvm/gems/ruby-2.6.3/gems/warden-1.2.9/lib/warden/manager.rb:34:in `call'[0m
      [36m# /home/ec2-user/.rvm/gems/ruby-2.6.3/gems/rack-2.2.3/lib/rack/tempfile_reaper.rb:15:in `call'[0m
      [36m# /home/ec2-user/.rvm/gems/ruby-2.6.3/gems/rack-2.2.3/lib/rack/etag.rb:27:in `call'[0m
      [36m# /home/ec2-user/.rvm/gems/ruby-2.6.3/gems/rack-2.2.3/lib/rack/conditional_get.rb:27:in `call'[0m
      [36m# /home/ec2-user/.rvm/gems/ruby-2.6.3/gems/rack-2.2.3/lib/rack/head.rb:12:in `call'[0m
      [36m# /home/ec2-user/.rvm/gems/ruby-2.6.3/gems/rack-2.2.3/lib/rack/session/abstract/id.rb:266:in `context'[0m
      [36m# /home/ec2-user/.rvm/gems/ruby-2.6.3/gems/rack-2.2.3/lib/rack/session/abstract/id.rb:260:in `call'[0m
      [36m# /home/ec2-user/.rvm/gems/ruby-2.6.3/gems/railties-5.2.4.5/lib/rails/rack/logger.rb:38:in `call_app'[0m
      [36m# /home/ec2-user/.rvm/gems/ruby-2.6.3/gems/railties-5.2.4.5/lib/rails/rack/logger.rb:26:in `block in call'[0m
      [36m# /home/ec2-user/.rvm/gems/ruby-2.6.3/gems/railties-5.2.4.5/lib/rails/rack/logger.rb:26:in `call'[0m
      [36m# /home/ec2-user/.rvm/gems/ruby-2.6.3/gems/rack-2.2.3/lib/rack/method_override.rb:24:in `call'[0m
      [36m# /home/ec2-user/.rvm/gems/ruby-2.6.3/gems/rack-2.2.3/lib/rack/runtime.rb:22:in `call'[0m
      [36m# /home/ec2-user/.rvm/gems/ruby-2.6.3/gems/rack-2.2.3/lib/rack/sendfile.rb:110:in `call'[0m
      [36m# /home/ec2-user/.rvm/gems/ruby-2.6.3/gems/railties-5.2.4.5/lib/rails/engine.rb:524:in `call'[0m
      [36m# /home/ec2-user/.rvm/gems/ruby-2.6.3/gems/rack-2.2.3/lib/rack/urlmap.rb:74:in `block in call'[0m
      [36m# /home/ec2-user/.rvm/gems/ruby-2.6.3/gems/rack-2.2.3/lib/rack/urlmap.rb:58:in `each'[0m
      [36m# /home/ec2-user/.rvm/gems/ruby-2.6.3/gems/rack-2.2.3/lib/rack/urlmap.rb:58:in `call'[0m
      [36m# /home/ec2-user/.rvm/gems/ruby-2.6.3/gems/rack-2.2.3/lib/rack/builder.rb:244:in `call'[0m
      [36m# /home/ec2-user/.rvm/gems/ruby-2.6.3/gems/rack-test-1.1.0/lib/rack/mock_session.rb:29:in `request'[0m
      [36m# /home/ec2-user/.rvm/gems/ruby-2.6.3/gems/rack-test-1.1.0/lib/rack/test.rb:266:in `process_request'[0m
      [36m# /home/ec2-user/.rvm/gems/ruby-2.6.3/gems/rack-test-1.1.0/lib/rack/test.rb:129:in `custom_request'[0m
      [36m# /home/ec2-user/.rvm/gems/ruby-2.6.3/gems/rack-test-1.1.0/lib/rack/test.rb:58:in `get'[0m
      [36m# /home/ec2-user/.rvm/gems/ruby-2.6.3/gems/capybara-3.35.3/lib/capybara/rack_test/browser.rb:72:in `process'[0m
      [36m# /home/ec2-user/.rvm/gems/ruby-2.6.3/gems/capybara-3.35.3/lib/capybara/rack_test/browser.rb:47:in `process_and_follow_redirects'[0m
      [36m# /home/ec2-user/.rvm/gems/ruby-2.6.3/gems/capybara-3.35.3/lib/capybara/rack_test/browser.rb:24:in `visit'[0m
      [36m# /home/ec2-user/.rvm/gems/ruby-2.6.3/gems/capybara-3.35.3/lib/capybara/rack_test/driver.rb:46:in `visit'[0m
      [36m# /home/ec2-user/.rvm/gems/ruby-2.6.3/gems/capybara-3.35.3/lib/capybara/session.rb:278:in `visit'[0m
      [36m# /home/ec2-user/.rvm/gems/ruby-2.6.3/gems/capybara-3.35.3/lib/capybara/dsl.rb:58:in `block (2 levels) in <module:DSL>'[0m
      [36m# ./spec/system/03_finishing_touches_spec.rb:156:in `block (4 levels) in <main>'[0m
      [36m# ------------------[0m
      [36m# --- Caused by: ---[0m
      [36m# ActionController::UrlGenerationError:[0m
      [36m#   No route matches {:action=>"show", :controller=>"users", :id=>nil}, missing required keys: [:id][0m
      [36m#   ./app/views/layouts/application.html.erb:26:in `_app_views_layouts_application_html_erb__3345970936660415486_72569540'[0m

  57) [STEP3] 仕上げのテスト 処理失敗時のテスト 投稿データの更新失敗: titleを空にする エラーメッセージが表示される
      [31mFailure/Error: <%= link_to "Home", user_path(@user), class: "text-light" %>[0m
      [31m[0m
      [31mActionView::Template::Error:[0m
      [31m  No route matches {:action=>"show", :controller=>"users", :id=>nil}, missing required keys: [:id][0m
      [36m# ./app/views/layouts/application.html.erb:26:in `_app_views_layouts_application_html_erb__3345970936660415486_72569540'[0m
      [36m# /home/ec2-user/.rvm/gems/ruby-2.6.3/gems/warden-1.2.9/lib/warden/manager.rb:36:in `block in call'[0m
      [36m# /home/ec2-user/.rvm/gems/ruby-2.6.3/gems/warden-1.2.9/lib/warden/manager.rb:34:in `catch'[0m
      [36m# /home/ec2-user/.rvm/gems/ruby-2.6.3/gems/warden-1.2.9/lib/warden/manager.rb:34:in `call'[0m
      [36m# /home/ec2-user/.rvm/gems/ruby-2.6.3/gems/rack-2.2.3/lib/rack/tempfile_reaper.rb:15:in `call'[0m
      [36m# /home/ec2-user/.rvm/gems/ruby-2.6.3/gems/rack-2.2.3/lib/rack/etag.rb:27:in `call'[0m
      [36m# /home/ec2-user/.rvm/gems/ruby-2.6.3/gems/rack-2.2.3/lib/rack/conditional_get.rb:27:in `call'[0m
      [36m# /home/ec2-user/.rvm/gems/ruby-2.6.3/gems/rack-2.2.3/lib/rack/head.rb:12:in `call'[0m
      [36m# /home/ec2-user/.rvm/gems/ruby-2.6.3/gems/rack-2.2.3/lib/rack/session/abstract/id.rb:266:in `context'[0m
      [36m# /home/ec2-user/.rvm/gems/ruby-2.6.3/gems/rack-2.2.3/lib/rack/session/abstract/id.rb:260:in `call'[0m
      [36m# /home/ec2-user/.rvm/gems/ruby-2.6.3/gems/railties-5.2.4.5/lib/rails/rack/logger.rb:38:in `call_app'[0m
      [36m# /home/ec2-user/.rvm/gems/ruby-2.6.3/gems/railties-5.2.4.5/lib/rails/rack/logger.rb:26:in `block in call'[0m
      [36m# /home/ec2-user/.rvm/gems/ruby-2.6.3/gems/railties-5.2.4.5/lib/rails/rack/logger.rb:26:in `call'[0m
      [36m# /home/ec2-user/.rvm/gems/ruby-2.6.3/gems/rack-2.2.3/lib/rack/method_override.rb:24:in `call'[0m
      [36m# /home/ec2-user/.rvm/gems/ruby-2.6.3/gems/rack-2.2.3/lib/rack/runtime.rb:22:in `call'[0m
      [36m# /home/ec2-user/.rvm/gems/ruby-2.6.3/gems/rack-2.2.3/lib/rack/sendfile.rb:110:in `call'[0m
      [36m# /home/ec2-user/.rvm/gems/ruby-2.6.3/gems/railties-5.2.4.5/lib/rails/engine.rb:524:in `call'[0m
      [36m# /home/ec2-user/.rvm/gems/ruby-2.6.3/gems/rack-2.2.3/lib/rack/urlmap.rb:74:in `block in call'[0m
      [36m# /home/ec2-user/.rvm/gems/ruby-2.6.3/gems/rack-2.2.3/lib/rack/urlmap.rb:58:in `each'[0m
      [36m# /home/ec2-user/.rvm/gems/ruby-2.6.3/gems/rack-2.2.3/lib/rack/urlmap.rb:58:in `call'[0m
      [36m# /home/ec2-user/.rvm/gems/ruby-2.6.3/gems/rack-2.2.3/lib/rack/builder.rb:244:in `call'[0m
      [36m# /home/ec2-user/.rvm/gems/ruby-2.6.3/gems/rack-test-1.1.0/lib/rack/mock_session.rb:29:in `request'[0m
      [36m# /home/ec2-user/.rvm/gems/ruby-2.6.3/gems/rack-test-1.1.0/lib/rack/test.rb:266:in `process_request'[0m
      [36m# /home/ec2-user/.rvm/gems/ruby-2.6.3/gems/rack-test-1.1.0/lib/rack/test.rb:129:in `custom_request'[0m
      [36m# /home/ec2-user/.rvm/gems/ruby-2.6.3/gems/rack-test-1.1.0/lib/rack/test.rb:58:in `get'[0m
      [36m# /home/ec2-user/.rvm/gems/ruby-2.6.3/gems/capybara-3.35.3/lib/capybara/rack_test/browser.rb:72:in `process'[0m
      [36m# /home/ec2-user/.rvm/gems/ruby-2.6.3/gems/capybara-3.35.3/lib/capybara/rack_test/browser.rb:47:in `process_and_follow_redirects'[0m
      [36m# /home/ec2-user/.rvm/gems/ruby-2.6.3/gems/capybara-3.35.3/lib/capybara/rack_test/browser.rb:24:in `visit'[0m
      [36m# /home/ec2-user/.rvm/gems/ruby-2.6.3/gems/capybara-3.35.3/lib/capybara/rack_test/driver.rb:46:in `visit'[0m
      [36m# /home/ec2-user/.rvm/gems/ruby-2.6.3/gems/capybara-3.35.3/lib/capybara/session.rb:278:in `visit'[0m
      [36m# /home/ec2-user/.rvm/gems/ruby-2.6.3/gems/capybara-3.35.3/lib/capybara/dsl.rb:58:in `block (2 levels) in <module:DSL>'[0m
      [36m# ./spec/system/03_finishing_touches_spec.rb:156:in `block (4 levels) in <main>'[0m
      [36m# ------------------[0m
      [36m# --- Caused by: ---[0m
      [36m# ActionController::UrlGenerationError:[0m
      [36m#   No route matches {:action=>"show", :controller=>"users", :id=>nil}, missing required keys: [:id][0m
      [36m#   ./app/views/layouts/application.html.erb:26:in `_app_views_layouts_application_html_erb__3345970936660415486_72569540'[0m

  58) [STEP3] 仕上げのテスト 他人の画面のテスト 他人の投稿詳細画面のテスト 表示内容の確認 ユーザ画像・名前のリンク先が正しい
      [31mFailure/Error: expect(page).to have_link other_book.user.name, href: user_path(other_book.user)[0m
      [31m  expected to find link "6ghzm42770" with href "/users/1" but there were no matches[0m
      [36m# ./spec/system/03_finishing_touches_spec.rb:226:in `block (5 levels) in <main>'[0m

  59) [STEP3] 仕上げのテスト 他人の画面のテスト 他人の投稿詳細画面のテスト 表示内容の確認 投稿の編集リンクが表示されない
      [31mFailure/Error: expect(page).not_to have_link 'Edit'[0m
      [31m  expected not to find visible link "Edit", found 1 match: "Edit"[0m
      [36m# ./spec/system/03_finishing_touches_spec.rb:235:in `block (5 levels) in <main>'[0m

  60) [STEP3] 仕上げのテスト 他人の画面のテスト 他人の投稿詳細画面のテスト 表示内容の確認 投稿の削除リンクが表示されない
      [31mFailure/Error: expect(page).not_to have_link 'Destroy'[0m
      [31m  expected not to find visible link "Destroy", found 1 match: "Destroy"[0m
      [36m# ./spec/system/03_finishing_touches_spec.rb:238:in `block (5 levels) in <main>'[0m

  61) [STEP3] 仕上げのテスト 他人の画面のテスト 他人の投稿編集画面 遷移できず、投稿一覧画面にリダイレクトされる
      [31mFailure/Error: expect(current_path).to eq '/books'[0m
      [31m[0m
      [31m  expected: "/books"[0m
      [31m       got: "/books/2"[0m
      [31m[0m
      [31m  (compared using ==)[0m
      [36m# ./spec/system/03_finishing_touches_spec.rb:263:in `block (4 levels) in <main>'[0m

  62) [STEP3] 仕上げのテスト 他人の画面のテスト 他人のユーザ詳細画面のテスト 表示の確認 投稿一覧に他人の投稿のtitleが表示され、リンクが正しい
      [31mFailure/Error: expect(page).to have_link other_book.title, href: book_path(other_book)[0m
      [31m  expected to find link "pos6c" with href "/books/2" but there were no matches[0m
      [36m# ./spec/system/03_finishing_touches_spec.rb:280:in `block (5 levels) in <main>'[0m

  63) [STEP3] 仕上げのテスト アイコンのテスト トップ画面 本のアイコンが表示される
      [31mFailure/Error: is_expected.to have_selector '.fas.fa-book'[0m
      [31m  expected to find css ".fas.fa-book" but there were no matches[0m
      [36m# ./spec/system/03_finishing_touches_spec.rb:358:in `block (4 levels) in <main>'[0m

  64) [STEP3] 仕上げのテスト アイコンのテスト アバウト画面 本のアイコンが表示される
      [31mFailure/Error: is_expected.to have_selector '.fas.fa-book'[0m
      [31m  expected to find css ".fas.fa-book" but there were no matches[0m
      [36m# ./spec/system/03_finishing_touches_spec.rb:370:in `block (4 levels) in <main>'[0m

  65) [STEP3] 仕上げのテスト アイコンのテスト ヘッダー: ログインしていない場合 Aboutリンクのアイコンが表示される
      [31mFailure/Error: is_expected.to have_selector '.fas.fa-link'[0m
      [31m  expected to find css ".fas.fa-link" but there were no matches[0m
      [36m# ./spec/system/03_finishing_touches_spec.rb:385:in `block (4 levels) in <main>'[0m

  66) [STEP3] 仕上げのテスト アイコンのテスト ヘッダー: ログインしていない場合 sign upリンクのアイコンが表示される
      [31mFailure/Error: is_expected.to have_selector '.fas.fa-user-plus'[0m
      [31m  expected to find css ".fas.fa-user-plus" but there were no matches[0m
      [36m# ./spec/system/03_finishing_touches_spec.rb:388:in `block (4 levels) in <main>'[0m

  67) [STEP3] 仕上げのテスト アイコンのテスト サイドバー ユーザ一覧画面でレンチアイコンが表示される
      [31mFailure/Error: is_expected.to have_selector '.fas.fa-user-cog'[0m
      [31m  expected to find css ".fas.fa-user-cog" but there were no matches[0m
      [36m# ./spec/system/03_finishing_touches_spec.rb:431:in `block (4 levels) in <main>'[0m

  68) [STEP3] 仕上げのテスト アイコンのテスト サイドバー ユーザ詳細画面でレンチアイコンが表示される
      [31mFailure/Error: is_expected.to have_selector '.fas.fa-user-cog'[0m
      [31m  expected to find css ".fas.fa-user-cog" but there were no matches[0m
      [36m# ./spec/system/03_finishing_touches_spec.rb:435:in `block (4 levels) in <main>'[0m

  69) [STEP3] 仕上げのテスト アイコンのテスト サイドバー 投稿一覧画面でレンチアイコンが表示される
      [31mFailure/Error: is_expected.to have_selector '.fas.fa-user-cog'[0m
      [31m  expected to find css ".fas.fa-user-cog" but there were no matches[0m
      [36m# ./spec/system/03_finishing_touches_spec.rb:439:in `block (4 levels) in <main>'[0m

  70) [STEP3] 仕上げのテスト アイコンのテスト サイドバー 投稿詳細画面でレンチアイコンが表示される
      [31mFailure/Error: is_expected.to have_selector '.fas.fa-user-cog'[0m
      [31m  expected to find css ".fas.fa-user-cog" but there were no matches[0m
      [36m# ./spec/system/03_finishing_touches_spec.rb:443:in `block (4 levels) in <main>'[0m

Finished in 15.11 seconds (files took 1.54 seconds to load)
[31m197 examples, 70 failures[0m

Failed examples:

[31mrspec ./spec/models/book_spec.rb:26[0m [36m# Bookモデルのテスト バリデーションのテスト bodyカラム 200文字以下であること: 201文字は×[0m
[31mrspec ./spec/models/user_spec.rb:15[0m [36m# Userモデルのテスト バリデーションのテスト nameカラム 2文字以上であること: 1文字は×[0m
[31mrspec ./spec/models/user_spec.rb:27[0m [36m# Userモデルのテスト バリデーションのテスト nameカラム 20文字以下であること: 21文字は×[0m
[31mrspec ./spec/models/user_spec.rb:31[0m [36m# Userモデルのテスト バリデーションのテスト nameカラム 一意性があること[0m
[31mrspec ./spec/models/user_spec.rb:42[0m [36m# Userモデルのテスト バリデーションのテスト introductionカラム 50文字以下であること: 51文字は×[0m
[31mrspec ./spec/system/01_before_login_spec.rb:13[0m [36m# [STEP1] ユーザログイン前のテスト トップ画面のテスト 表示内容の確認 Log inリンクが表示される: 左上から5番目のリンクが「Log in」である[0m
[31mrspec ./spec/system/01_before_login_spec.rb:17[0m [36m# [STEP1] ユーザログイン前のテスト トップ画面のテスト 表示内容の確認 Log inリンクの内容が正しい[0m
[31mrspec ./spec/system/01_before_login_spec.rb:21[0m [36m# [STEP1] ユーザログイン前のテスト トップ画面のテスト 表示内容の確認 Sign Upリンクが表示される: 左上から6番目のリンクが「Sign Up」である[0m
[31mrspec ./spec/system/01_before_login_spec.rb:25[0m [36m# [STEP1] ユーザログイン前のテスト トップ画面のテスト 表示内容の確認 Sign Upリンクの内容が正しい[0m
[31mrspec ./spec/system/01_before_login_spec.rb:53[0m [36m# [STEP1] ユーザログイン前のテスト ヘッダーのテスト: ログインしていない場合 表示内容の確認 Homeリンクが表示される: 左上から1番目のリンクが「Home」である[0m
[31mrspec ./spec/system/01_before_login_spec.rb:57[0m [36m# [STEP1] ユーザログイン前のテスト ヘッダーのテスト: ログインしていない場合 表示内容の確認 Aboutリンクが表示される: 左上から2番目のリンクが「About」である[0m
[31mrspec ./spec/system/01_before_login_spec.rb:65[0m [36m# [STEP1] ユーザログイン前のテスト ヘッダーのテスト: ログインしていない場合 表示内容の確認 loginリンクが表示される: 左上から4番目のリンクが「login」である[0m
[31mrspec ./spec/system/01_before_login_spec.rb:74[0m [36m# [STEP1] ユーザログイン前のテスト ヘッダーのテスト: ログインしていない場合 リンクの内容を確認 Homeを押すと、トップ画面に遷移する[0m
[31mrspec ./spec/system/01_before_login_spec.rb:81[0m [36m# [STEP1] ユーザログイン前のテスト ヘッダーのテスト: ログインしていない場合 リンクの内容を確認 Aboutを押すと、アバウト画面に遷移する[0m
[31mrspec ./spec/system/01_before_login_spec.rb:93[0m [36m# [STEP1] ユーザログイン前のテスト ヘッダーのテスト: ログインしていない場合 リンクの内容を確認 loginを押すと、ログイン画面に遷移する[0m
[31mrspec ./spec/system/01_before_login_spec.rb:228[0m [36m# [STEP1] ユーザログイン前のテスト ヘッダーのテスト: ログインしている場合 ヘッダーの表示を確認 log outリンクが表示される: 左上から4番目のリンクが「logout」である[0m
[31mrspec ./spec/system/01_before_login_spec.rb:249[0m [36m# [STEP1] ユーザログイン前のテスト ユーザログアウトのテスト ログアウト機能のテスト 正しくログアウトできている: ログアウト後のリダイレクト先においてAbout画面へのリンクが存在する[0m
[31mrspec ./spec/system/02_after_login_spec.rb:50[0m [36m# [STEP2] ユーザログイン後のテスト 投稿一覧画面のテスト 表示内容の確認 自分と他人の画像のリンク先が正しい[0m
[31mrspec ./spec/system/02_after_login_spec.rb:54[0m [36m# [STEP2] ユーザログイン後のテスト 投稿一覧画面のテスト 表示内容の確認 自分の投稿と他人の投稿のタイトルのリンク先がそれぞれ正しい[0m
[31mrspec ./spec/system/02_after_login_spec.rb:58[0m [36m# [STEP2] ユーザログイン後のテスト 投稿一覧画面のテスト 表示内容の確認 自分の投稿と他人の投稿のオピニオンが表示される[0m
[31mrspec ./spec/system/02_after_login_spec.rb:120[0m [36m# [STEP2] ユーザログイン後のテスト 自分の投稿詳細画面のテスト 表示内容の確認 ユーザ画像・名前のリンク先が正しい[0m
[31mrspec ./spec/system/02_after_login_spec.rb:157[0m [36m# [STEP2] ユーザログイン後のテスト 自分の投稿詳細画面のテスト サイドバーの確認 opinionフォームに値が入っていない[0m
[31mrspec ./spec/system/02_after_login_spec.rb:171[0m [36m# [STEP2] ユーザログイン後のテスト 自分の投稿詳細画面のテスト 投稿成功のテスト 自分の新しい投稿が正しく保存される[0m
[31mrspec ./spec/system/02_after_login_spec.rb:177[0m [36m# [STEP2] ユーザログイン後のテスト 自分の投稿詳細画面のテスト 編集リンクのテスト 編集画面に遷移する[0m
[31mrspec ./spec/system/02_after_login_spec.rb:191[0m [36m# [STEP2] ユーザログイン後のテスト 自分の投稿詳細画面のテスト 削除リンクのテスト リダイレクト先が、投稿一覧画面になっている[0m
[31mrspec ./spec/system/02_after_login_spec.rb:203[0m [36m# [STEP2] ユーザログイン後のテスト 自分の投稿編集画面のテスト 表示の確認 URLが正しい[0m
[31mrspec ./spec/system/02_after_login_spec.rb:206[0m [36m# [STEP2] ユーザログイン後のテスト 自分の投稿編集画面のテスト 表示の確認 「Editing Book」と表示される[0m
[31mrspec ./spec/system/02_after_login_spec.rb:209[0m [36m# [STEP2] ユーザログイン後のテスト 自分の投稿編集画面のテスト 表示の確認 title編集フォームが表示される[0m
[31mrspec ./spec/system/02_after_login_spec.rb:212[0m [36m# [STEP2] ユーザログイン後のテスト 自分の投稿編集画面のテスト 表示の確認 opinion編集フォームが表示される[0m
[31mrspec ./spec/system/02_after_login_spec.rb:215[0m [36m# [STEP2] ユーザログイン後のテスト 自分の投稿編集画面のテスト 表示の確認 Update Bookボタンが表示される[0m
[31mrspec ./spec/system/02_after_login_spec.rb:218[0m [36m# [STEP2] ユーザログイン後のテスト 自分の投稿編集画面のテスト 表示の確認 Showリンクが表示される[0m
[31mrspec ./spec/system/02_after_login_spec.rb:221[0m [36m# [STEP2] ユーザログイン後のテスト 自分の投稿編集画面のテスト 表示の確認 Backリンクが表示される[0m
[31mrspec ./spec/system/02_after_login_spec.rb:235[0m [36m# [STEP2] ユーザログイン後のテスト 自分の投稿編集画面のテスト 編集成功のテスト titleが正しく更新される[0m
[31mrspec ./spec/system/02_after_login_spec.rb:238[0m [36m# [STEP2] ユーザログイン後のテスト 自分の投稿編集画面のテスト 編集成功のテスト bodyが正しく更新される[0m
[31mrspec ./spec/system/02_after_login_spec.rb:241[0m [36m# [STEP2] ユーザログイン後のテスト 自分の投稿編集画面のテスト 編集成功のテスト リダイレクト先が、更新した投稿の詳細画面になっている[0m
[31mrspec ./spec/system/02_after_login_spec.rb:264[0m [36m# [STEP2] ユーザログイン後のテスト ユーザ一覧画面のテスト 表示内容の確認 自分と他人のshowリンクがそれぞれ表示される[0m
[31mrspec ./spec/system/02_after_login_spec.rb:311[0m [36m# [STEP2] ユーザログイン後のテスト 自分のユーザ詳細画面のテスト 表示の確認 投稿一覧に自分の投稿のtitleが表示され、リンクが正しい[0m
[31mrspec ./spec/system/02_after_login_spec.rb:359[0m [36m# [STEP2] ユーザログイン後のテスト 自分のユーザ情報編集画面のテスト 表示の確認 URLが正しい[0m
[31mrspec ./spec/system/02_after_login_spec.rb:362[0m [36m# [STEP2] ユーザログイン後のテスト 自分のユーザ情報編集画面のテスト 表示の確認 名前編集フォームに自分の名前が表示される[0m
[31mrspec ./spec/system/02_after_login_spec.rb:365[0m [36m# [STEP2] ユーザログイン後のテスト 自分のユーザ情報編集画面のテスト 表示の確認 画像編集フォームが表示される[0m
[31mrspec ./spec/system/02_after_login_spec.rb:368[0m [36m# [STEP2] ユーザログイン後のテスト 自分のユーザ情報編集画面のテスト 表示の確認 自己紹介編集フォームに自分の自己紹介文が表示される[0m
[31mrspec ./spec/system/02_after_login_spec.rb:371[0m [36m# [STEP2] ユーザログイン後のテスト 自分のユーザ情報編集画面のテスト 表示の確認 Update Userボタンが表示される[0m
[31mrspec ./spec/system/02_after_login_spec.rb:385[0m [36m# [STEP2] ユーザログイン後のテスト 自分のユーザ情報編集画面のテスト 更新成功のテスト nameが正しく更新される[0m
[31mrspec ./spec/system/02_after_login_spec.rb:388[0m [36m# [STEP2] ユーザログイン後のテスト 自分のユーザ情報編集画面のテスト 更新成功のテスト introductionが正しく更新される[0m
[31mrspec ./spec/system/02_after_login_spec.rb:391[0m [36m# [STEP2] ユーザログイン後のテスト 自分のユーザ情報編集画面のテスト 更新成功のテスト リダイレクト先が、自分のユーザ詳細画面になっている[0m
[31mrspec ./spec/system/03_finishing_touches_spec.rb:38[0m [36m# [STEP3] 仕上げのテスト サクセスメッセージのテスト ユーザのプロフィール情報更新成功時[0m
[31mrspec ./spec/system/03_finishing_touches_spec.rb:58[0m [36m# [STEP3] 仕上げのテスト サクセスメッセージのテスト 投稿データの更新成功時[0m
[31mrspec ./spec/system/03_finishing_touches_spec.rb:81[0m [36m# [STEP3] 仕上げのテスト 処理失敗時のテスト ユーザ新規登録失敗: nameを1文字にする 新規登録されない[0m
[31mrspec ./spec/system/03_finishing_touches_spec.rb:84[0m [36m# [STEP3] 仕上げのテスト 処理失敗時のテスト ユーザ新規登録失敗: nameを1文字にする 新規登録画面を表示しており、フォームの内容が正しい[0m
[31mrspec ./spec/system/03_finishing_touches_spec.rb:90[0m [36m# [STEP3] 仕上げのテスト 処理失敗時のテスト ユーザ新規登録失敗: nameを1文字にする バリデーションエラーが表示される[0m
[31mrspec ./spec/system/03_finishing_touches_spec.rb:109[0m [36m# [STEP3] 仕上げのテスト 処理失敗時のテスト ユーザのプロフィール情報編集失敗: nameを1文字にする 更新されない[0m
[31mrspec ./spec/system/03_finishing_touches_spec.rb:112[0m [36m# [STEP3] 仕上げのテスト 処理失敗時のテスト ユーザのプロフィール情報編集失敗: nameを1文字にする ユーザ編集画面を表示しており、フォームの内容が正しい[0m
[31mrspec ./spec/system/03_finishing_touches_spec.rb:115[0m [36m# [STEP3] 仕上げのテスト 処理失敗時のテスト ユーザのプロフィール情報編集失敗: nameを1文字にする バリデーションエラーが表示される[0m
[31mrspec ./spec/system/03_finishing_touches_spec.rb:134[0m [36m# [STEP3] 仕上げのテスト 処理失敗時のテスト 投稿データの新規投稿失敗: 投稿一覧画面から行い、titleを空にする 投稿一覧画面を表示している[0m
[31mrspec ./spec/system/03_finishing_touches_spec.rb:162[0m [36m# [STEP3] 仕上げのテスト 処理失敗時のテスト 投稿データの更新失敗: titleを空にする 投稿が更新されない[0m
[31mrspec ./spec/system/03_finishing_touches_spec.rb:165[0m [36m# [STEP3] 仕上げのテスト 処理失敗時のテスト 投稿データの更新失敗: titleを空にする 投稿編集画面を表示しており、フォームの内容が正しい[0m
[31mrspec ./spec/system/03_finishing_touches_spec.rb:170[0m [36m# [STEP3] 仕上げのテスト 処理失敗時のテスト 投稿データの更新失敗: titleを空にする エラーメッセージが表示される[0m
[31mrspec ./spec/system/03_finishing_touches_spec.rb:225[0m [36m# [STEP3] 仕上げのテスト 他人の画面のテスト 他人の投稿詳細画面のテスト 表示内容の確認 ユーザ画像・名前のリンク先が正しい[0m
[31mrspec ./spec/system/03_finishing_touches_spec.rb:234[0m [36m# [STEP3] 仕上げのテスト 他人の画面のテスト 他人の投稿詳細画面のテスト 表示内容の確認 投稿の編集リンクが表示されない[0m
[31mrspec ./spec/system/03_finishing_touches_spec.rb:237[0m [36m# [STEP3] 仕上げのテスト 他人の画面のテスト 他人の投稿詳細画面のテスト 表示内容の確認 投稿の削除リンクが表示されない[0m
[31mrspec ./spec/system/03_finishing_touches_spec.rb:261[0m [36m# [STEP3] 仕上げのテスト 他人の画面のテスト 他人の投稿編集画面 遷移できず、投稿一覧画面にリダイレクトされる[0m
[31mrspec ./spec/system/03_finishing_touches_spec.rb:279[0m [36m# [STEP3] 仕上げのテスト 他人の画面のテスト 他人のユーザ詳細画面のテスト 表示の確認 投稿一覧に他人の投稿のtitleが表示され、リンクが正しい[0m
[31mrspec ./spec/system/03_finishing_touches_spec.rb:357[0m [36m# [STEP3] 仕上げのテスト アイコンのテスト トップ画面 本のアイコンが表示される[0m
[31mrspec ./spec/system/03_finishing_touches_spec.rb:369[0m [36m# [STEP3] 仕上げのテスト アイコンのテスト アバウト画面 本のアイコンが表示される[0m
[31mrspec ./spec/system/03_finishing_touches_spec.rb:384[0m [36m# [STEP3] 仕上げのテスト アイコンのテスト ヘッダー: ログインしていない場合 Aboutリンクのアイコンが表示される[0m
[31mrspec ./spec/system/03_finishing_touches_spec.rb:387[0m [36m# [STEP3] 仕上げのテスト アイコンのテスト ヘッダー: ログインしていない場合 sign upリンクのアイコンが表示される[0m
[31mrspec ./spec/system/03_finishing_touches_spec.rb:429[0m [36m# [STEP3] 仕上げのテスト アイコンのテスト サイドバー ユーザ一覧画面でレンチアイコンが表示される[0m
[31mrspec ./spec/system/03_finishing_touches_spec.rb:433[0m [36m# [STEP3] 仕上げのテスト アイコンのテスト サイドバー ユーザ詳細画面でレンチアイコンが表示される[0m
[31mrspec ./spec/system/03_finishing_touches_spec.rb:437[0m [36m# [STEP3] 仕上げのテスト アイコンのテスト サイドバー 投稿一覧画面でレンチアイコンが表示される[0m
[31mrspec ./spec/system/03_finishing_touches_spec.rb:441[0m [36m# [STEP3] 仕上げのテスト アイコンのテスト サイドバー 投稿詳細画面でレンチアイコンが表示される[0m

